[2019-08-29 12:04:25,945] TRACE [Controller id=0] Checking need to trigger auto leader balancing (kafka.controller.KafkaController)
[2019-08-29 12:04:25,953] DEBUG [Controller id=0] Preferred replicas by broker Map(0 -> Map(tdn-systrk-0 -> Vector(0))) (kafka.controller.KafkaController)
[2019-08-29 12:04:25,953] DEBUG [Controller id=0] Topics not in preferred replica for broker 0 Map() (kafka.controller.KafkaController)
[2019-08-29 12:04:25,954] TRACE [Controller id=0] Leader imbalance ratio for broker 0 is 0.0 (kafka.controller.KafkaController)
[2019-08-29 12:09:25,955] TRACE [Controller id=0] Checking need to trigger auto leader balancing (kafka.controller.KafkaController)
[2019-08-29 12:09:25,956] DEBUG [Controller id=0] Preferred replicas by broker Map(0 -> Map(tdn-systrk-0 -> Vector(0))) (kafka.controller.KafkaController)
[2019-08-29 12:09:25,956] DEBUG [Controller id=0] Topics not in preferred replica for broker 0 Map() (kafka.controller.KafkaController)
[2019-08-29 12:09:25,957] TRACE [Controller id=0] Leader imbalance ratio for broker 0 is 0.0 (kafka.controller.KafkaController)
[2019-08-29 12:11:25,513] INFO [Controller id=0] Shutting down broker 0 (kafka.controller.KafkaController)
[2019-08-29 12:11:25,513] DEBUG [Controller id=0] All shutting down brokers: 0 (kafka.controller.KafkaController)
[2019-08-29 12:11:25,513] DEBUG [Controller id=0] Live brokers:  (kafka.controller.KafkaController)
[2019-08-29 12:11:25,516] TRACE [Controller id=0] All leaders = tdn-systrk-0 -> (Leader:0,ISR:0,LeaderEpoch:0,ControllerEpoch:1) (kafka.controller.KafkaController)
[2019-08-29 12:11:26,657] INFO [ControllerEventThread controllerId=0] Shutting down (kafka.controller.ControllerEventManager$ControllerEventThread)
[2019-08-29 12:11:26,657] INFO [ControllerEventThread controllerId=0] Stopped (kafka.controller.ControllerEventManager$ControllerEventThread)
[2019-08-29 12:11:26,657] INFO [ControllerEventThread controllerId=0] Shutdown completed (kafka.controller.ControllerEventManager$ControllerEventThread)
[2019-08-29 12:11:26,658] DEBUG [Controller id=0] Resigning (kafka.controller.KafkaController)
[2019-08-29 12:11:26,658] DEBUG [Controller id=0] Unregister BrokerModifications handler for Set(0) (kafka.controller.KafkaController)
[2019-08-29 12:11:26,660] INFO [PartitionStateMachine controllerId=0] Stopped partition state machine (kafka.controller.PartitionStateMachine)
[2019-08-29 12:11:26,660] INFO [ReplicaStateMachine controllerId=0] Stopped replica state machine (kafka.controller.ReplicaStateMachine)
[2019-08-29 12:11:26,661] INFO [RequestSendThread controllerId=0] Shutting down (kafka.controller.RequestSendThread)
[2019-08-29 12:11:26,661] INFO [RequestSendThread controllerId=0] Shutdown completed (kafka.controller.RequestSendThread)
[2019-08-29 12:11:26,661] INFO [RequestSendThread controllerId=0] Stopped (kafka.controller.RequestSendThread)
[2019-08-29 12:11:26,662] INFO [Controller id=0] Resigned (kafka.controller.KafkaController)
