[2019-08-29T11:24:18.695+0930][gc,heap] Heap region size: 1M
[2019-08-29T11:24:18.719+0930][gc     ] Using G1
[2019-08-29T11:24:18.720+0930][gc,heap,coops] Heap address: 0x00000000c0000000, size: 1024 MB, Compressed Oops mode: 32-bit
[2019-08-29T11:24:19.980+0930][gc,start     ] GC(0) Pause Young (Normal) (G1 Evacuation Pause)
[2019-08-29T11:24:19.982+0930][gc,task      ] GC(0) Using 8 workers of 8 for evacuation
[2019-08-29T11:24:19.998+0930][gc,phases    ] GC(0)   Pre Evacuate Collection Set: 0.0ms
[2019-08-29T11:24:19.998+0930][gc,phases    ] GC(0)   Evacuate Collection Set: 15.4ms
[2019-08-29T11:24:19.998+0930][gc,phases    ] GC(0)   Post Evacuate Collection Set: 0.5ms
[2019-08-29T11:24:19.998+0930][gc,phases    ] GC(0)   Other: 1.7ms
[2019-08-29T11:24:19.998+0930][gc,heap      ] GC(0) Eden regions: 51->0(44)
[2019-08-29T11:24:19.998+0930][gc,heap      ] GC(0) Survivor regions: 0->7(7)
[2019-08-29T11:24:19.998+0930][gc,heap      ] GC(0) Old regions: 0->0
[2019-08-29T11:24:19.998+0930][gc,heap      ] GC(0) Humongous regions: 0->0
[2019-08-29T11:24:19.998+0930][gc,metaspace ] GC(0) Metaspace: 16839K->16839K(1064960K)
[2019-08-29T11:24:19.998+0930][gc           ] GC(0) Pause Young (Normal) (G1 Evacuation Pause) 51M->6M(1024M) 18.172ms
[2019-08-29T11:24:19.998+0930][gc,cpu       ] GC(0) User=0.03s Sys=0.05s Real=0.01s
[2019-08-29T11:24:20.368+0930][gc,start     ] GC(1) Pause Young (Concurrent Start) (Metadata GC Threshold)
[2019-08-29T11:24:20.368+0930][gc,task      ] GC(1) Using 8 workers of 8 for evacuation
[2019-08-29T11:24:20.382+0930][gc,phases    ] GC(1)   Pre Evacuate Collection Set: 0.1ms
[2019-08-29T11:24:20.382+0930][gc,phases    ] GC(1)   Evacuate Collection Set: 13.9ms
[2019-08-29T11:24:20.382+0930][gc,phases    ] GC(1)   Post Evacuate Collection Set: 0.3ms
[2019-08-29T11:24:20.382+0930][gc,phases    ] GC(1)   Other: 0.3ms
[2019-08-29T11:24:20.382+0930][gc,heap      ] GC(1) Eden regions: 16->0(49)
[2019-08-29T11:24:20.382+0930][gc,heap      ] GC(1) Survivor regions: 7->2(7)
[2019-08-29T11:24:20.382+0930][gc,heap      ] GC(1) Old regions: 0->7
[2019-08-29T11:24:20.383+0930][gc,heap      ] GC(1) Humongous regions: 129->129
[2019-08-29T11:24:20.383+0930][gc,metaspace ] GC(1) Metaspace: 20518K->20518K(1067008K)
[2019-08-29T11:24:20.383+0930][gc           ] GC(1) Pause Young (Concurrent Start) (Metadata GC Threshold) 151M->137M(1024M) 14.653ms
[2019-08-29T11:24:20.383+0930][gc,cpu       ] GC(1) User=0.00s Sys=0.03s Real=0.02s
[2019-08-29T11:24:20.383+0930][gc           ] GC(2) Concurrent Cycle
[2019-08-29T11:24:20.383+0930][gc,marking   ] GC(2) Concurrent Clear Claimed Marks
[2019-08-29T11:24:20.383+0930][gc,marking   ] GC(2) Concurrent Clear Claimed Marks 0.061ms
[2019-08-29T11:24:20.383+0930][gc,marking   ] GC(2) Concurrent Scan Root Regions
[2019-08-29T11:24:20.384+0930][gc,marking   ] GC(2) Concurrent Scan Root Regions 1.000ms
[2019-08-29T11:24:20.384+0930][gc,marking   ] GC(2) Concurrent Mark (1.710s)
[2019-08-29T11:24:20.384+0930][gc,marking   ] GC(2) Concurrent Mark From Roots
[2019-08-29T11:24:20.384+0930][gc,task      ] GC(2) Using 2 workers of 2 for marking
[2019-08-29T11:24:20.388+0930][gc,marking   ] GC(2) Concurrent Mark From Roots 4.447ms
[2019-08-29T11:24:20.388+0930][gc,marking   ] GC(2) Concurrent Preclean
[2019-08-29T11:24:20.388+0930][gc,marking   ] GC(2) Concurrent Preclean 0.141ms
[2019-08-29T11:24:20.388+0930][gc,marking   ] GC(2) Concurrent Mark (1.710s, 1.715s) 4.654ms
[2019-08-29T11:24:20.389+0930][gc,start     ] GC(2) Pause Remark
[2019-08-29T11:24:20.390+0930][gc,stringtable] GC(2) Cleaned string and symbol table, strings: 8917 processed, 0 removed, symbols: 50087 processed, 44 removed
[2019-08-29T11:24:20.390+0930][gc            ] GC(2) Pause Remark 138M->138M(1024M) 1.601ms
[2019-08-29T11:24:20.390+0930][gc,cpu        ] GC(2) User=0.00s Sys=0.00s Real=0.01s
[2019-08-29T11:24:20.390+0930][gc,marking    ] GC(2) Concurrent Rebuild Remembered Sets
[2019-08-29T11:24:20.393+0930][gc,marking    ] GC(2) Concurrent Rebuild Remembered Sets 2.909ms
[2019-08-29T11:24:20.394+0930][gc,start      ] GC(2) Pause Cleanup
[2019-08-29T11:24:20.394+0930][gc            ] GC(2) Pause Cleanup 138M->138M(1024M) 0.427ms
[2019-08-29T11:24:20.394+0930][gc,cpu        ] GC(2) User=0.00s Sys=0.00s Real=0.00s
[2019-08-29T11:24:20.394+0930][gc,marking    ] GC(2) Concurrent Cleanup for Next Mark
[2019-08-29T11:24:20.405+0930][gc,marking    ] GC(2) Concurrent Cleanup for Next Mark 10.793ms
[2019-08-29T11:24:20.405+0930][gc            ] GC(2) Concurrent Cycle 22.354ms
[2019-08-29T11:24:29.828+0930][gc,start      ] GC(3) Pause Young (Normal) (G1 Evacuation Pause)
[2019-08-29T11:24:29.828+0930][gc,task       ] GC(3) Using 8 workers of 8 for evacuation
[2019-08-29T11:24:29.832+0930][gc,phases     ] GC(3)   Pre Evacuate Collection Set: 0.1ms
[2019-08-29T11:24:29.832+0930][gc,phases     ] GC(3)   Evacuate Collection Set: 3.1ms
[2019-08-29T11:24:29.832+0930][gc,phases     ] GC(3)   Post Evacuate Collection Set: 0.6ms
[2019-08-29T11:24:29.832+0930][gc,phases     ] GC(3)   Other: 0.2ms
[2019-08-29T11:24:29.832+0930][gc,heap       ] GC(3) Eden regions: 49->0(45)
[2019-08-29T11:24:29.832+0930][gc,heap       ] GC(3) Survivor regions: 2->6(7)
[2019-08-29T11:24:29.832+0930][gc,heap       ] GC(3) Old regions: 7->7
[2019-08-29T11:24:29.832+0930][gc,heap       ] GC(3) Humongous regions: 129->129
[2019-08-29T11:24:29.833+0930][gc,metaspace  ] GC(3) Metaspace: 30627K->30627K(1077248K)
[2019-08-29T11:24:29.833+0930][gc            ] GC(3) Pause Young (Normal) (G1 Evacuation Pause) 186M->140M(1024M) 4.268ms
[2019-08-29T11:24:29.833+0930][gc,cpu        ] GC(3) User=0.11s Sys=0.00s Real=0.01s
[2019-08-29T11:28:18.648+0930][gc,start      ] GC(4) Pause Young (Normal) (G1 Evacuation Pause)
[2019-08-29T11:28:18.648+0930][gc,task       ] GC(4) Using 8 workers of 8 for evacuation
[2019-08-29T11:28:18.684+0930][gc,mmu        ] GC(4) MMU target violated: 21.0ms (20.0ms/21.0ms)
[2019-08-29T11:28:18.684+0930][gc,phases     ] GC(4)   Pre Evacuate Collection Set: 0.4ms
[2019-08-29T11:28:18.684+0930][gc,phases     ] GC(4)   Evacuate Collection Set: 34.2ms
[2019-08-29T11:28:18.684+0930][gc,phases     ] GC(4)   Post Evacuate Collection Set: 0.8ms
[2019-08-29T11:28:18.684+0930][gc,phases     ] GC(4)   Other: 0.8ms
[2019-08-29T11:28:18.684+0930][gc,heap       ] GC(4) Eden regions: 45->0(49)
[2019-08-29T11:28:18.684+0930][gc,heap       ] GC(4) Survivor regions: 6->2(7)
[2019-08-29T11:28:18.684+0930][gc,heap       ] GC(4) Old regions: 7->12
[2019-08-29T11:28:18.684+0930][gc,heap       ] GC(4) Humongous regions: 129->129
[2019-08-29T11:28:18.684+0930][gc,metaspace  ] GC(4) Metaspace: 33339K->33339K(1079296K)
[2019-08-29T11:28:18.685+0930][gc            ] GC(4) Pause Young (Normal) (G1 Evacuation Pause) 185M->142M(1024M) 36.342ms
[2019-08-29T11:28:18.685+0930][gc,cpu        ] GC(4) User=0.11s Sys=0.08s Real=0.04s
[2019-08-29T11:32:00.788+0930][gc,start      ] GC(5) Pause Young (Normal) (G1 Evacuation Pause)
[2019-08-29T11:32:00.788+0930][gc,task       ] GC(5) Using 8 workers of 8 for evacuation
[2019-08-29T11:32:00.793+0930][gc,phases     ] GC(5)   Pre Evacuate Collection Set: 0.3ms
[2019-08-29T11:32:00.793+0930][gc,phases     ] GC(5)   Evacuate Collection Set: 4.5ms
[2019-08-29T11:32:00.794+0930][gc,phases     ] GC(5)   Post Evacuate Collection Set: 0.6ms
[2019-08-29T11:32:00.794+0930][gc,phases     ] GC(5)   Other: 0.4ms
[2019-08-29T11:32:00.794+0930][gc,heap       ] GC(5) Eden regions: 49->0(48)
[2019-08-29T11:32:00.794+0930][gc,heap       ] GC(5) Survivor regions: 2->3(7)
[2019-08-29T11:32:00.794+0930][gc,heap       ] GC(5) Old regions: 12->12
[2019-08-29T11:32:00.794+0930][gc,heap       ] GC(5) Humongous regions: 129->129
[2019-08-29T11:32:00.794+0930][gc,metaspace  ] GC(5) Metaspace: 33491K->33491K(1079296K)
[2019-08-29T11:32:00.794+0930][gc            ] GC(5) Pause Young (Normal) (G1 Evacuation Pause) 191M->142M(1024M) 6.124ms
[2019-08-29T11:32:00.794+0930][gc,cpu        ] GC(5) User=0.00s Sys=0.00s Real=0.01s
[2019-08-29T11:36:10.042+0930][gc,start      ] GC(6) Pause Young (Normal) (G1 Evacuation Pause)
[2019-08-29T11:36:10.042+0930][gc,task       ] GC(6) Using 8 workers of 8 for evacuation
[2019-08-29T11:36:10.045+0930][gc,phases     ] GC(6)   Pre Evacuate Collection Set: 0.2ms
[2019-08-29T11:36:10.045+0930][gc,phases     ] GC(6)   Evacuate Collection Set: 2.5ms
[2019-08-29T11:36:10.045+0930][gc,phases     ] GC(6)   Post Evacuate Collection Set: 0.4ms
[2019-08-29T11:36:10.045+0930][gc,phases     ] GC(6)   Other: 0.3ms
[2019-08-29T11:36:10.045+0930][gc,heap       ] GC(6) Eden regions: 48->0(48)
[2019-08-29T11:36:10.045+0930][gc,heap       ] GC(6) Survivor regions: 3->3(7)
[2019-08-29T11:36:10.045+0930][gc,heap       ] GC(6) Old regions: 12->12
[2019-08-29T11:36:10.045+0930][gc,heap       ] GC(6) Humongous regions: 129->129
[2019-08-29T11:36:10.045+0930][gc,metaspace  ] GC(6) Metaspace: 33556K->33556K(1079296K)
[2019-08-29T11:36:10.045+0930][gc            ] GC(6) Pause Young (Normal) (G1 Evacuation Pause) 190M->142M(1024M) 3.540ms
[2019-08-29T11:36:10.045+0930][gc,cpu        ] GC(6) User=0.00s Sys=0.00s Real=0.00s
