[2019-06-04 18:07:46,808] INFO Starting the log cleaner (kafka.log.LogCleaner)
[2019-06-04 18:07:46,861] INFO [kafka-log-cleaner-thread-0]: Starting (kafka.log.LogCleaner)
[2019-06-05 04:05:15,700] INFO Starting the log cleaner (kafka.log.LogCleaner)
[2019-06-05 04:05:15,840] INFO [kafka-log-cleaner-thread-0]: Starting (kafka.log.LogCleaner)
[2019-06-05 04:05:32,522] INFO Starting the log cleaner (kafka.log.LogCleaner)
[2019-06-05 04:05:32,645] INFO [kafka-log-cleaner-thread-0]: Starting (kafka.log.LogCleaner)
[2019-08-22 21:01:13,711] INFO Starting the log cleaner (kafka.log.LogCleaner)
[2019-08-22 21:01:13,852] INFO [kafka-log-cleaner-thread-0]: Starting (kafka.log.LogCleaner)
[2019-08-22 21:03:04,737] INFO Starting the log cleaner (kafka.log.LogCleaner)
[2019-08-22 21:03:04,891] INFO [kafka-log-cleaner-thread-0]: Starting (kafka.log.LogCleaner)
[2019-08-22 21:04:31,738] INFO Shutting down the log cleaner. (kafka.log.LogCleaner)
[2019-08-22 21:04:31,739] INFO [kafka-log-cleaner-thread-0]: Shutting down (kafka.log.LogCleaner)
[2019-08-22 21:04:31,740] INFO [kafka-log-cleaner-thread-0]: Stopped (kafka.log.LogCleaner)
[2019-08-22 21:04:31,740] INFO [kafka-log-cleaner-thread-0]: Shutdown completed (kafka.log.LogCleaner)
[2019-08-22 21:05:01,755] INFO Starting the log cleaner (kafka.log.LogCleaner)
[2019-08-22 21:05:01,897] INFO [kafka-log-cleaner-thread-0]: Starting (kafka.log.LogCleaner)
[2019-08-22 22:08:08,244] INFO Starting the log cleaner (kafka.log.LogCleaner)
[2019-08-22 22:08:08,338] INFO [kafka-log-cleaner-thread-0]: Starting (kafka.log.LogCleaner)
[2019-08-22 22:10:56,024] INFO Shutting down the log cleaner. (kafka.log.LogCleaner)
[2019-08-22 22:10:56,026] INFO [kafka-log-cleaner-thread-0]: Shutting down (kafka.log.LogCleaner)
[2019-08-22 22:10:56,028] INFO [kafka-log-cleaner-thread-0]: Stopped (kafka.log.LogCleaner)
[2019-08-22 22:10:56,028] INFO [kafka-log-cleaner-thread-0]: Shutdown completed (kafka.log.LogCleaner)
[2019-08-22 22:11:14,780] INFO Starting the log cleaner (kafka.log.LogCleaner)
[2019-08-22 22:11:14,929] INFO [kafka-log-cleaner-thread-0]: Starting (kafka.log.LogCleaner)
[2019-08-22 22:13:54,436] INFO Shutting down the log cleaner. (kafka.log.LogCleaner)
[2019-08-22 22:13:54,438] INFO [kafka-log-cleaner-thread-0]: Shutting down (kafka.log.LogCleaner)
[2019-08-22 22:13:54,439] INFO [kafka-log-cleaner-thread-0]: Stopped (kafka.log.LogCleaner)
[2019-08-22 22:13:54,439] INFO [kafka-log-cleaner-thread-0]: Shutdown completed (kafka.log.LogCleaner)
[2019-08-22 22:33:26,277] INFO Starting the log cleaner (kafka.log.LogCleaner)
[2019-08-22 22:33:26,388] INFO [kafka-log-cleaner-thread-0]: Starting (kafka.log.LogCleaner)
[2019-08-22 22:36:22,895] INFO Shutting down the log cleaner. (kafka.log.LogCleaner)
[2019-08-22 22:36:22,897] INFO [kafka-log-cleaner-thread-0]: Shutting down (kafka.log.LogCleaner)
[2019-08-22 22:36:22,898] INFO [kafka-log-cleaner-thread-0]: Stopped (kafka.log.LogCleaner)
[2019-08-22 22:36:22,898] INFO [kafka-log-cleaner-thread-0]: Shutdown completed (kafka.log.LogCleaner)
[2019-08-22 22:37:09,246] INFO Starting the log cleaner (kafka.log.LogCleaner)
[2019-08-22 22:37:09,396] INFO [kafka-log-cleaner-thread-0]: Starting (kafka.log.LogCleaner)
[2019-08-22 22:42:05,942] INFO Shutting down the log cleaner. (kafka.log.LogCleaner)
[2019-08-22 22:42:05,944] INFO [kafka-log-cleaner-thread-0]: Shutting down (kafka.log.LogCleaner)
[2019-08-22 22:42:05,945] INFO [kafka-log-cleaner-thread-0]: Stopped (kafka.log.LogCleaner)
[2019-08-22 22:42:05,945] INFO [kafka-log-cleaner-thread-0]: Shutdown completed (kafka.log.LogCleaner)
[2019-08-22 22:45:12,277] INFO Starting the log cleaner (kafka.log.LogCleaner)
[2019-08-22 22:45:12,355] INFO [kafka-log-cleaner-thread-0]: Starting (kafka.log.LogCleaner)
[2019-08-22 22:52:49,881] INFO Shutting down the log cleaner. (kafka.log.LogCleaner)
[2019-08-22 22:52:49,883] INFO [kafka-log-cleaner-thread-0]: Shutting down (kafka.log.LogCleaner)
[2019-08-22 22:52:49,886] INFO [kafka-log-cleaner-thread-0]: Stopped (kafka.log.LogCleaner)
[2019-08-22 22:52:49,886] INFO [kafka-log-cleaner-thread-0]: Shutdown completed (kafka.log.LogCleaner)
