[2019-08-22 22:07:51,711] DEBUG preRegister called. Server=com.sun.jmx.mbeanserver.JmxMBeanServer@66d3c617, name=log4j:logger=state.change.logger (state.change.logger)
[2019-08-22 22:08:09,262] TRACE [Controller id=0 epoch=10] Changed state of replica 0 for partition tdn-systrk-0 from OnlineReplica to OnlineReplica (state.change.logger)
[2019-08-22 22:08:09,263] TRACE [Controller id=0 epoch=10] Sending become-leader LeaderAndIsr request PartitionState(controllerEpoch=1, leader=0, leaderEpoch=0, isr=0, zkVersion=0, replicas=0, isNew=false) to broker 0 for partition tdn-systrk-0 (state.change.logger)
[2019-08-22 22:08:09,266] TRACE [Controller id=0 epoch=10] Sending UpdateMetadata request PartitionState(controllerEpoch=1, leader=0, leaderEpoch=0, isr=[0], zkVersion=0, replicas=[0], offlineReplicas=[]) to brokers Set(0) for partition tdn-systrk-0 (state.change.logger)
[2019-08-22 22:08:09,324] TRACE [Controller id=0 epoch=10] Received response {error_code=0} for request UPDATE_METADATA with correlation id 0 sent to broker localhost:9092 (id: 0 rack: null) (state.change.logger)
[2019-08-22 22:08:09,335] TRACE [Broker id=0] Received LeaderAndIsr request PartitionState(controllerEpoch=1, leader=0, leaderEpoch=0, isr=0, zkVersion=0, replicas=0, isNew=false) correlation id 1 from controller 0 epoch 10 for partition tdn-systrk-0 (state.change.logger)
[2019-08-22 22:08:09,345] TRACE [Broker id=0] Handling LeaderAndIsr request correlationId 1 from controller 0 epoch 10 starting the become-leader transition for partition tdn-systrk-0 (state.change.logger)
[2019-08-22 22:08:09,378] TRACE [Broker id=0] Stopped fetchers as part of become-leader request from controller 0 epoch 10 with correlation id 1 for partition tdn-systrk-0 (last update controller epoch 1) (state.change.logger)
[2019-08-22 22:08:09,379] TRACE [Broker id=0] Completed LeaderAndIsr request correlationId 1 from controller 0 epoch 10 for the become-leader transition for partition tdn-systrk-0 (state.change.logger)
[2019-08-22 22:08:09,384] TRACE [Controller id=0 epoch=10] Received response {error_code=0,partitions=[{topic=tdn-systrk,partition=0,error_code=0}]} for request LEADER_AND_ISR with correlation id 1 sent to broker localhost:9092 (id: 0 rack: null) (state.change.logger)
[2019-08-22 22:08:09,389] TRACE [Broker id=0] Cached leader info PartitionState(controllerEpoch=1, leader=0, leaderEpoch=0, isr=[0], zkVersion=0, replicas=[0], offlineReplicas=[]) for partition tdn-systrk-0 in response to UpdateMetadata request sent by controller 0 epoch 10 with correlation id 2 (state.change.logger)
[2019-08-22 22:08:09,390] TRACE [Controller id=0 epoch=10] Received response {error_code=0} for request UPDATE_METADATA with correlation id 2 sent to broker localhost:9092 (id: 0 rack: null) (state.change.logger)
[2019-08-22 22:11:16,720] TRACE [Controller id=0 epoch=11] Changed state of replica 0 for partition tdn-systrk-0 from OnlineReplica to OnlineReplica (state.change.logger)
[2019-08-22 22:11:16,725] TRACE [Controller id=0 epoch=11] Sending become-leader LeaderAndIsr request PartitionState(controllerEpoch=1, leader=0, leaderEpoch=0, isr=0, zkVersion=0, replicas=0, isNew=false) to broker 0 for partition tdn-systrk-0 (state.change.logger)
[2019-08-22 22:11:16,730] TRACE [Controller id=0 epoch=11] Sending UpdateMetadata request PartitionState(controllerEpoch=1, leader=0, leaderEpoch=0, isr=[0], zkVersion=0, replicas=[0], offlineReplicas=[]) to brokers Set(0) for partition tdn-systrk-0 (state.change.logger)
[2019-08-22 22:11:16,906] TRACE [Controller id=0 epoch=11] Received response {error_code=0} for request UPDATE_METADATA with correlation id 0 sent to broker localhost:9092 (id: 0 rack: null) (state.change.logger)
[2019-08-22 22:11:16,929] TRACE [Broker id=0] Received LeaderAndIsr request PartitionState(controllerEpoch=1, leader=0, leaderEpoch=0, isr=0, zkVersion=0, replicas=0, isNew=false) correlation id 1 from controller 0 epoch 11 for partition tdn-systrk-0 (state.change.logger)
[2019-08-22 22:11:16,975] TRACE [Broker id=0] Handling LeaderAndIsr request correlationId 1 from controller 0 epoch 11 starting the become-leader transition for partition tdn-systrk-0 (state.change.logger)
[2019-08-22 22:11:17,126] TRACE [Broker id=0] Stopped fetchers as part of become-leader request from controller 0 epoch 11 with correlation id 1 for partition tdn-systrk-0 (last update controller epoch 1) (state.change.logger)
[2019-08-22 22:11:17,133] TRACE [Broker id=0] Completed LeaderAndIsr request correlationId 1 from controller 0 epoch 11 for the become-leader transition for partition tdn-systrk-0 (state.change.logger)
[2019-08-22 22:11:17,168] TRACE [Controller id=0 epoch=11] Received response {error_code=0,partitions=[{topic=tdn-systrk,partition=0,error_code=0}]} for request LEADER_AND_ISR with correlation id 1 sent to broker localhost:9092 (id: 0 rack: null) (state.change.logger)
[2019-08-22 22:11:17,199] TRACE [Broker id=0] Cached leader info PartitionState(controllerEpoch=1, leader=0, leaderEpoch=0, isr=[0], zkVersion=0, replicas=[0], offlineReplicas=[]) for partition tdn-systrk-0 in response to UpdateMetadata request sent by controller 0 epoch 11 with correlation id 2 (state.change.logger)
[2019-08-22 22:11:17,200] TRACE [Controller id=0 epoch=11] Received response {error_code=0} for request UPDATE_METADATA with correlation id 2 sent to broker localhost:9092 (id: 0 rack: null) (state.change.logger)
[2019-08-22 22:33:08,209] DEBUG preRegister called. Server=com.sun.jmx.mbeanserver.JmxMBeanServer@66d3c617, name=log4j:logger=state.change.logger (state.change.logger)
[2019-08-22 22:33:26,971] TRACE [Controller id=0 epoch=12] Changed state of replica 0 for partition tdn-systrk-0 from OnlineReplica to OnlineReplica (state.change.logger)
[2019-08-22 22:33:26,973] TRACE [Controller id=0 epoch=12] Sending become-leader LeaderAndIsr request PartitionState(controllerEpoch=1, leader=0, leaderEpoch=0, isr=0, zkVersion=0, replicas=0, isNew=false) to broker 0 for partition tdn-systrk-0 (state.change.logger)
[2019-08-22 22:33:26,976] TRACE [Controller id=0 epoch=12] Sending UpdateMetadata request PartitionState(controllerEpoch=1, leader=0, leaderEpoch=0, isr=[0], zkVersion=0, replicas=[0], offlineReplicas=[]) to brokers Set(0) for partition tdn-systrk-0 (state.change.logger)
[2019-08-22 22:33:27,033] TRACE [Controller id=0 epoch=12] Received response {error_code=0} for request UPDATE_METADATA with correlation id 0 sent to broker localhost:9092 (id: 0 rack: null) (state.change.logger)
[2019-08-22 22:33:27,042] TRACE [Broker id=0] Received LeaderAndIsr request PartitionState(controllerEpoch=1, leader=0, leaderEpoch=0, isr=0, zkVersion=0, replicas=0, isNew=false) correlation id 1 from controller 0 epoch 12 for partition tdn-systrk-0 (state.change.logger)
[2019-08-22 22:33:27,049] TRACE [Broker id=0] Handling LeaderAndIsr request correlationId 1 from controller 0 epoch 12 starting the become-leader transition for partition tdn-systrk-0 (state.change.logger)
[2019-08-22 22:33:27,078] TRACE [Broker id=0] Stopped fetchers as part of become-leader request from controller 0 epoch 12 with correlation id 1 for partition tdn-systrk-0 (last update controller epoch 1) (state.change.logger)
[2019-08-22 22:33:27,079] TRACE [Broker id=0] Completed LeaderAndIsr request correlationId 1 from controller 0 epoch 12 for the become-leader transition for partition tdn-systrk-0 (state.change.logger)
[2019-08-22 22:33:27,084] TRACE [Controller id=0 epoch=12] Received response {error_code=0,partitions=[{topic=tdn-systrk,partition=0,error_code=0}]} for request LEADER_AND_ISR with correlation id 1 sent to broker localhost:9092 (id: 0 rack: null) (state.change.logger)
[2019-08-22 22:33:27,091] TRACE [Broker id=0] Cached leader info PartitionState(controllerEpoch=1, leader=0, leaderEpoch=0, isr=[0], zkVersion=0, replicas=[0], offlineReplicas=[]) for partition tdn-systrk-0 in response to UpdateMetadata request sent by controller 0 epoch 12 with correlation id 2 (state.change.logger)
[2019-08-22 22:33:27,092] TRACE [Controller id=0 epoch=12] Received response {error_code=0} for request UPDATE_METADATA with correlation id 2 sent to broker localhost:9092 (id: 0 rack: null) (state.change.logger)
[2019-08-22 22:36:49,611] DEBUG preRegister called. Server=com.sun.jmx.mbeanserver.JmxMBeanServer@66d3c617, name=log4j:logger=state.change.logger (state.change.logger)
[2019-08-22 22:37:11,246] TRACE [Controller id=0 epoch=13] Changed state of replica 0 for partition tdn-systrk-0 from OnlineReplica to OnlineReplica (state.change.logger)
[2019-08-22 22:37:11,248] TRACE [Controller id=0 epoch=13] Sending become-leader LeaderAndIsr request PartitionState(controllerEpoch=1, leader=0, leaderEpoch=0, isr=0, zkVersion=0, replicas=0, isNew=false) to broker 0 for partition tdn-systrk-0 (state.change.logger)
[2019-08-22 22:37:11,254] TRACE [Controller id=0 epoch=13] Sending UpdateMetadata request PartitionState(controllerEpoch=1, leader=0, leaderEpoch=0, isr=[0], zkVersion=0, replicas=[0], offlineReplicas=[]) to brokers Set(0) for partition tdn-systrk-0 (state.change.logger)
[2019-08-22 22:37:11,388] TRACE [Controller id=0 epoch=13] Received response {error_code=0} for request UPDATE_METADATA with correlation id 0 sent to broker localhost:9092 (id: 0 rack: null) (state.change.logger)
[2019-08-22 22:37:11,419] TRACE [Broker id=0] Received LeaderAndIsr request PartitionState(controllerEpoch=1, leader=0, leaderEpoch=0, isr=0, zkVersion=0, replicas=0, isNew=false) correlation id 1 from controller 0 epoch 13 for partition tdn-systrk-0 (state.change.logger)
[2019-08-22 22:37:11,457] TRACE [Broker id=0] Handling LeaderAndIsr request correlationId 1 from controller 0 epoch 13 starting the become-leader transition for partition tdn-systrk-0 (state.change.logger)
[2019-08-22 22:37:11,577] TRACE [Broker id=0] Stopped fetchers as part of become-leader request from controller 0 epoch 13 with correlation id 1 for partition tdn-systrk-0 (last update controller epoch 1) (state.change.logger)
[2019-08-22 22:37:11,580] TRACE [Broker id=0] Completed LeaderAndIsr request correlationId 1 from controller 0 epoch 13 for the become-leader transition for partition tdn-systrk-0 (state.change.logger)
[2019-08-22 22:37:11,597] TRACE [Controller id=0 epoch=13] Received response {error_code=0,partitions=[{topic=tdn-systrk,partition=0,error_code=0}]} for request LEADER_AND_ISR with correlation id 1 sent to broker localhost:9092 (id: 0 rack: null) (state.change.logger)
[2019-08-22 22:37:11,614] TRACE [Broker id=0] Cached leader info PartitionState(controllerEpoch=1, leader=0, leaderEpoch=0, isr=[0], zkVersion=0, replicas=[0], offlineReplicas=[]) for partition tdn-systrk-0 in response to UpdateMetadata request sent by controller 0 epoch 13 with correlation id 2 (state.change.logger)
[2019-08-22 22:37:11,617] TRACE [Controller id=0 epoch=13] Received response {error_code=0} for request UPDATE_METADATA with correlation id 2 sent to broker localhost:9092 (id: 0 rack: null) (state.change.logger)
[2019-08-22 22:44:57,966] DEBUG preRegister called. Server=com.sun.jmx.mbeanserver.JmxMBeanServer@66d3c617, name=log4j:logger=state.change.logger (state.change.logger)
[2019-08-22 22:45:13,103] TRACE [Controller id=0 epoch=14] Changed state of replica 0 for partition tdn-systrk-0 from OnlineReplica to OnlineReplica (state.change.logger)
[2019-08-22 22:45:13,104] TRACE [Controller id=0 epoch=14] Sending become-leader LeaderAndIsr request PartitionState(controllerEpoch=1, leader=0, leaderEpoch=0, isr=0, zkVersion=0, replicas=0, isNew=false) to broker 0 for partition tdn-systrk-0 (state.change.logger)
[2019-08-22 22:45:13,107] TRACE [Controller id=0 epoch=14] Sending UpdateMetadata request PartitionState(controllerEpoch=1, leader=0, leaderEpoch=0, isr=[0], zkVersion=0, replicas=[0], offlineReplicas=[]) to brokers Set(0) for partition tdn-systrk-0 (state.change.logger)
[2019-08-22 22:45:13,161] TRACE [Controller id=0 epoch=14] Received response {error_code=0} for request UPDATE_METADATA with correlation id 0 sent to broker localhost:9092 (id: 0 rack: null) (state.change.logger)
[2019-08-22 22:45:13,168] TRACE [Broker id=0] Received LeaderAndIsr request PartitionState(controllerEpoch=1, leader=0, leaderEpoch=0, isr=0, zkVersion=0, replicas=0, isNew=false) correlation id 1 from controller 0 epoch 14 for partition tdn-systrk-0 (state.change.logger)
[2019-08-22 22:45:13,175] TRACE [Broker id=0] Handling LeaderAndIsr request correlationId 1 from controller 0 epoch 14 starting the become-leader transition for partition tdn-systrk-0 (state.change.logger)
[2019-08-22 22:45:13,219] TRACE [Broker id=0] Stopped fetchers as part of become-leader request from controller 0 epoch 14 with correlation id 1 for partition tdn-systrk-0 (last update controller epoch 1) (state.change.logger)
[2019-08-22 22:45:13,220] TRACE [Broker id=0] Completed LeaderAndIsr request correlationId 1 from controller 0 epoch 14 for the become-leader transition for partition tdn-systrk-0 (state.change.logger)
[2019-08-22 22:45:13,226] TRACE [Controller id=0 epoch=14] Received response {error_code=0,partitions=[{topic=tdn-systrk,partition=0,error_code=0}]} for request LEADER_AND_ISR with correlation id 1 sent to broker localhost:9092 (id: 0 rack: null) (state.change.logger)
[2019-08-22 22:45:13,231] TRACE [Broker id=0] Cached leader info PartitionState(controllerEpoch=1, leader=0, leaderEpoch=0, isr=[0], zkVersion=0, replicas=[0], offlineReplicas=[]) for partition tdn-systrk-0 in response to UpdateMetadata request sent by controller 0 epoch 14 with correlation id 2 (state.change.logger)
[2019-08-22 22:45:13,232] TRACE [Controller id=0 epoch=14] Received response {error_code=0} for request UPDATE_METADATA with correlation id 2 sent to broker localhost:9092 (id: 0 rack: null) (state.change.logger)
