[2019-06-03 01:04:30,735] DEBUG preRegister called. Server=com.sun.jmx.mbeanserver.JmxMBeanServer@4f0bd71c, name=log4j:logger=kafka.controller (kafka.controller)
[2019-06-03 10:34:46,188] INFO [ControllerEventThread controllerId=0] Starting (kafka.controller.ControllerEventManager$ControllerEventThread)
[2019-06-03 10:34:46,217] INFO [Controller id=0] 0 successfully elected as the controller. Epoch incremented to 4 and epoch zk version is now 4 (kafka.controller.KafkaController)
[2019-06-03 10:34:46,217] INFO [Controller id=0] Registering handlers (kafka.controller.KafkaController)
[2019-06-03 10:34:46,221] INFO [Controller id=0] Deleting log dir event notifications (kafka.controller.KafkaController)
[2019-06-03 10:34:46,225] INFO [Controller id=0] Deleting isr change notifications (kafka.controller.KafkaController)
[2019-06-03 10:34:46,227] INFO [Controller id=0] Initializing controller context (kafka.controller.KafkaController)
[2019-06-03 10:34:46,237] INFO [Controller id=0] Initialized broker epochs cache: Map(0 -> 2590) (kafka.controller.KafkaController)
[2019-06-03 10:34:46,245] DEBUG [Controller id=0] Register BrokerModifications handler for Set(0) (kafka.controller.KafkaController)
[2019-06-03 10:34:46,259] DEBUG [Channel manager on controller 0]: Controller 0 trying to connect to broker 0 (kafka.controller.ControllerChannelManager)
[2019-06-03 10:34:46,275] INFO [RequestSendThread controllerId=0] Starting (kafka.controller.RequestSendThread)
[2019-06-03 10:34:46,276] INFO [Controller id=0] Partitions being reassigned: Map() (kafka.controller.KafkaController)
[2019-06-03 10:34:46,277] INFO [Controller id=0] Currently active brokers in the cluster: Set(0) (kafka.controller.KafkaController)
[2019-06-03 10:34:46,277] INFO [Controller id=0] Currently shutting brokers in the cluster: Set() (kafka.controller.KafkaController)
[2019-06-03 10:34:46,277] INFO [Controller id=0] Current list of topics in the cluster: Set(tdn-systrk) (kafka.controller.KafkaController)
[2019-06-03 10:34:46,278] INFO [Controller id=0] Fetching topic deletions in progress (kafka.controller.KafkaController)
[2019-06-03 10:34:46,283] INFO [Controller id=0] List of topics to be deleted:  (kafka.controller.KafkaController)
[2019-06-03 10:34:46,283] INFO [Controller id=0] List of topics ineligible for deletion:  (kafka.controller.KafkaController)
[2019-06-03 10:34:46,283] INFO [Controller id=0] Initializing topic deletion manager (kafka.controller.KafkaController)
[2019-06-03 10:34:46,283] INFO [Controller id=0] Sending update metadata request (kafka.controller.KafkaController)
[2019-06-03 10:34:46,295] INFO [ReplicaStateMachine controllerId=0] Initializing replica state (kafka.controller.ReplicaStateMachine)
[2019-06-03 10:34:46,298] INFO [ReplicaStateMachine controllerId=0] Triggering online replica state changes (kafka.controller.ReplicaStateMachine)
[2019-06-03 10:34:46,303] INFO [RequestSendThread controllerId=0] Controller 0 connected to Christian-PC.lan:9092 (id: 0 rack: null) for sending state change requests (kafka.controller.RequestSendThread)
[2019-06-03 10:34:46,321] INFO [ReplicaStateMachine controllerId=0] Started replica state machine with initial state -> Map([Topic=tdn-systrk,Partition=0,Replica=0] -> OnlineReplica) (kafka.controller.ReplicaStateMachine)
[2019-06-03 10:34:46,322] INFO [PartitionStateMachine controllerId=0] Initializing partition state (kafka.controller.PartitionStateMachine)
[2019-06-03 10:34:46,325] INFO [PartitionStateMachine controllerId=0] Triggering online partition state changes (kafka.controller.PartitionStateMachine)
[2019-06-03 10:34:46,326] INFO [PartitionStateMachine controllerId=0] Started partition state machine with initial state -> Map(tdn-systrk-0 -> OnlinePartition) (kafka.controller.PartitionStateMachine)
[2019-06-03 10:34:46,326] INFO [Controller id=0] Ready to serve as the new controller with epoch 4 (kafka.controller.KafkaController)
[2019-06-03 10:34:46,327] INFO [Controller id=0] Removing partitions Set() from the list of reassigned partitions in zookeeper (kafka.controller.KafkaController)
[2019-06-03 10:34:46,327] INFO [Controller id=0] No more partitions need to be reassigned. Deleting zk path /admin/reassign_partitions (kafka.controller.KafkaController)
[2019-06-03 10:34:46,332] INFO [Controller id=0] Partitions undergoing preferred replica election:  (kafka.controller.KafkaController)
[2019-06-03 10:34:46,332] INFO [Controller id=0] Partitions that completed preferred replica election:  (kafka.controller.KafkaController)
[2019-06-03 10:34:46,333] INFO [Controller id=0] Skipping preferred replica election for partitions due to topic deletion:  (kafka.controller.KafkaController)
[2019-06-03 10:34:46,333] INFO [Controller id=0] Resuming preferred replica election for partitions:  (kafka.controller.KafkaController)
[2019-06-03 10:34:46,333] INFO [Controller id=0] Starting preferred replica leader election for partitions  (kafka.controller.KafkaController)
[2019-06-03 10:34:46,357] INFO [Controller id=0] Starting the controller scheduler (kafka.controller.KafkaController)
[2019-06-03 10:34:51,361] TRACE [Controller id=0] Checking need to trigger auto leader balancing (kafka.controller.KafkaController)
[2019-06-03 10:34:51,365] DEBUG [Controller id=0] Preferred replicas by broker Map(0 -> Map(tdn-systrk-0 -> Vector(0))) (kafka.controller.KafkaController)
[2019-06-03 10:34:51,367] DEBUG [Controller id=0] Topics not in preferred replica for broker 0 Map() (kafka.controller.KafkaController)
[2019-06-03 10:34:51,369] TRACE [Controller id=0] Leader imbalance ratio for broker 0 is 0.0 (kafka.controller.KafkaController)
[2019-06-03 10:35:48,699] INFO [Controller id=0] New topics: [Set(systrk)], deleted topics: [Set()], new partition replica assignment [Map(systrk-0 -> Vector(0))] (kafka.controller.KafkaController)
[2019-06-03 10:35:48,700] INFO [Controller id=0] New partition creation callback for systrk-0 (kafka.controller.KafkaController)
[2019-06-03 10:39:51,370] TRACE [Controller id=0] Checking need to trigger auto leader balancing (kafka.controller.KafkaController)
[2019-06-03 10:39:51,371] DEBUG [Controller id=0] Preferred replicas by broker Map(0 -> Map(tdn-systrk-0 -> Vector(0), systrk-0 -> Vector(0))) (kafka.controller.KafkaController)
[2019-06-03 10:39:51,371] DEBUG [Controller id=0] Topics not in preferred replica for broker 0 Map() (kafka.controller.KafkaController)
[2019-06-03 10:39:51,371] TRACE [Controller id=0] Leader imbalance ratio for broker 0 is 0.0 (kafka.controller.KafkaController)
[2019-06-03 10:44:51,373] TRACE [Controller id=0] Checking need to trigger auto leader balancing (kafka.controller.KafkaController)
[2019-06-03 10:44:51,373] DEBUG [Controller id=0] Preferred replicas by broker Map(0 -> Map(tdn-systrk-0 -> Vector(0), systrk-0 -> Vector(0))) (kafka.controller.KafkaController)
[2019-06-03 10:44:51,373] DEBUG [Controller id=0] Topics not in preferred replica for broker 0 Map() (kafka.controller.KafkaController)
[2019-06-03 10:44:51,373] TRACE [Controller id=0] Leader imbalance ratio for broker 0 is 0.0 (kafka.controller.KafkaController)
[2019-06-03 01:15:58,119] DEBUG preRegister called. Server=com.sun.jmx.mbeanserver.JmxMBeanServer@4f0bd71c, name=log4j:logger=kafka.controller (kafka.controller)
