[2019-06-05T13:35:31.213+0930][gc,heap] Heap region size: 1M
[2019-06-05T13:35:31.234+0930][gc     ] Using G1
[2019-06-05T13:35:31.234+0930][gc,heap,coops] Heap address: 0x00000000c0000000, size: 1024 MB, Compressed Oops mode: 32-bit
[2019-06-05T13:35:31.235+0930][gc,cds       ] Mark closed archive regions in map: [0x00000000fff00000, 0x00000000fff69ff8]
[2019-06-05T13:35:31.235+0930][gc,cds       ] Mark open archive regions in map: [0x00000000ffe00000, 0x00000000ffe34ff8]
[2019-06-05T13:35:32.280+0930][gc,start     ] GC(0) Pause Young (Normal) (G1 Evacuation Pause)
[2019-06-05T13:35:32.288+0930][gc,task      ] GC(0) Using 8 workers of 8 for evacuation
[2019-06-05T13:35:32.309+0930][gc,mmu       ] GC(0) MMU target violated: 21.0ms (20.0ms/21.0ms)
[2019-06-05T13:35:32.310+0930][gc,phases    ] GC(0)   Pre Evacuate Collection Set: 0.1ms
[2019-06-05T13:35:32.310+0930][gc,phases    ] GC(0)   Evacuate Collection Set: 20.3ms
[2019-06-05T13:35:32.310+0930][gc,phases    ] GC(0)   Post Evacuate Collection Set: 0.5ms
[2019-06-05T13:35:32.310+0930][gc,phases    ] GC(0)   Other: 8.2ms
[2019-06-05T13:35:32.310+0930][gc,heap      ] GC(0) Eden regions: 51->0(45)
[2019-06-05T13:35:32.310+0930][gc,heap      ] GC(0) Survivor regions: 0->6(7)
[2019-06-05T13:35:32.310+0930][gc,heap      ] GC(0) Old regions: 2->2
[2019-06-05T13:35:32.310+0930][gc,heap      ] GC(0) Humongous regions: 0->0
[2019-06-05T13:35:32.310+0930][gc,metaspace ] GC(0) Metaspace: 16766K->16766K(1064960K)
[2019-06-05T13:35:32.310+0930][gc           ] GC(0) Pause Young (Normal) (G1 Evacuation Pause) 51M->6M(1024M) 29.190ms
[2019-06-05T13:35:32.310+0930][gc,cpu       ] GC(0) User=0.03s Sys=0.10s Real=0.03s
[2019-06-05T13:35:32.660+0930][gc,start     ] GC(1) Pause Young (Concurrent Start) (Metadata GC Threshold)
[2019-06-05T13:35:32.660+0930][gc,task      ] GC(1) Using 8 workers of 8 for evacuation
[2019-06-05T13:35:32.672+0930][gc,phases    ] GC(1)   Pre Evacuate Collection Set: 0.0ms
[2019-06-05T13:35:32.672+0930][gc,phases    ] GC(1)   Evacuate Collection Set: 11.0ms
[2019-06-05T13:35:32.672+0930][gc,phases    ] GC(1)   Post Evacuate Collection Set: 0.3ms
[2019-06-05T13:35:32.672+0930][gc,phases    ] GC(1)   Other: 0.3ms
[2019-06-05T13:35:32.672+0930][gc,heap      ] GC(1) Eden regions: 16->0(49)
[2019-06-05T13:35:32.672+0930][gc,heap      ] GC(1) Survivor regions: 6->2(7)
[2019-06-05T13:35:32.672+0930][gc,heap      ] GC(1) Old regions: 2->8
[2019-06-05T13:35:32.672+0930][gc,heap      ] GC(1) Humongous regions: 129->129
[2019-06-05T13:35:32.672+0930][gc,metaspace ] GC(1) Metaspace: 20528K->20528K(1067008K)
[2019-06-05T13:35:32.672+0930][gc           ] GC(1) Pause Young (Concurrent Start) (Metadata GC Threshold) 151M->136M(1024M) 11.722ms
[2019-06-05T13:35:32.672+0930][gc,cpu       ] GC(1) User=0.00s Sys=0.00s Real=0.01s
[2019-06-05T13:35:32.672+0930][gc           ] GC(2) Concurrent Cycle
[2019-06-05T13:35:32.672+0930][gc,marking   ] GC(2) Concurrent Clear Claimed Marks
[2019-06-05T13:35:32.672+0930][gc,marking   ] GC(2) Concurrent Clear Claimed Marks 0.045ms
[2019-06-05T13:35:32.672+0930][gc,marking   ] GC(2) Concurrent Scan Root Regions
[2019-06-05T13:35:32.673+0930][gc,marking   ] GC(2) Concurrent Scan Root Regions 0.724ms
[2019-06-05T13:35:32.673+0930][gc,marking   ] GC(2) Concurrent Mark (1.469s)
[2019-06-05T13:35:32.673+0930][gc,marking   ] GC(2) Concurrent Mark From Roots
[2019-06-05T13:35:32.673+0930][gc,task      ] GC(2) Using 2 workers of 2 for marking
[2019-06-05T13:35:32.677+0930][gc,marking   ] GC(2) Concurrent Mark From Roots 4.111ms
[2019-06-05T13:35:32.677+0930][gc,marking   ] GC(2) Concurrent Preclean
[2019-06-05T13:35:32.677+0930][gc,marking   ] GC(2) Concurrent Preclean 0.200ms
[2019-06-05T13:35:32.677+0930][gc,marking   ] GC(2) Concurrent Mark (1.469s, 1.473s) 4.384ms
[2019-06-05T13:35:32.677+0930][gc,start     ] GC(2) Pause Remark
[2019-06-05T13:35:32.679+0930][gc,stringtable] GC(2) Cleaned string and symbol table, strings: 4830 processed, 0 removed, symbols: 50238 processed, 44 removed
[2019-06-05T13:35:32.679+0930][gc            ] GC(2) Pause Remark 137M->137M(1024M) 1.916ms
[2019-06-05T13:35:32.679+0930][gc,cpu        ] GC(2) User=0.00s Sys=0.00s Real=0.00s
[2019-06-05T13:35:32.679+0930][gc,marking    ] GC(2) Concurrent Rebuild Remembered Sets
[2019-06-05T13:35:32.682+0930][gc,marking    ] GC(2) Concurrent Rebuild Remembered Sets 3.118ms
[2019-06-05T13:35:32.683+0930][gc,start      ] GC(2) Pause Cleanup
[2019-06-05T13:35:32.683+0930][gc            ] GC(2) Pause Cleanup 138M->138M(1024M) 0.215ms
[2019-06-05T13:35:32.683+0930][gc,cpu        ] GC(2) User=0.00s Sys=0.00s Real=0.00s
[2019-06-05T13:35:32.683+0930][gc,marking    ] GC(2) Concurrent Cleanup for Next Mark
[2019-06-05T13:35:32.697+0930][gc,marking    ] GC(2) Concurrent Cleanup for Next Mark 14.046ms
[2019-06-05T13:35:32.697+0930][gc            ] GC(2) Concurrent Cycle 25.104ms
[2019-06-05T13:35:33.361+0930][gc,start      ] GC(3) Pause Young (Normal) (G1 Evacuation Pause)
[2019-06-05T13:35:33.361+0930][gc,task       ] GC(3) Using 8 workers of 8 for evacuation
[2019-06-05T13:35:33.366+0930][gc,phases     ] GC(3)   Pre Evacuate Collection Set: 0.0ms
[2019-06-05T13:35:33.366+0930][gc,phases     ] GC(3)   Evacuate Collection Set: 4.4ms
[2019-06-05T13:35:33.366+0930][gc,phases     ] GC(3)   Post Evacuate Collection Set: 0.5ms
[2019-06-05T13:35:33.366+0930][gc,phases     ] GC(3)   Other: 0.2ms
[2019-06-05T13:35:33.366+0930][gc,heap       ] GC(3) Eden regions: 49->0(45)
[2019-06-05T13:35:33.366+0930][gc,heap       ] GC(3) Survivor regions: 2->6(7)
[2019-06-05T13:35:33.366+0930][gc,heap       ] GC(3) Old regions: 8->8
[2019-06-05T13:35:33.366+0930][gc,heap       ] GC(3) Humongous regions: 129->129
[2019-06-05T13:35:33.366+0930][gc,metaspace  ] GC(3) Metaspace: 29640K->29640K(1075200K)
[2019-06-05T13:35:33.366+0930][gc            ] GC(3) Pause Young (Normal) (G1 Evacuation Pause) 185M->140M(1024M) 5.201ms
[2019-06-05T13:35:33.366+0930][gc,cpu        ] GC(3) User=0.13s Sys=0.00s Real=0.01s
[2019-06-05T13:35:57.334+0930][gc,start      ] GC(4) Pause Young (Normal) (G1 Evacuation Pause)
[2019-06-05T13:35:57.334+0930][gc,task       ] GC(4) Using 8 workers of 8 for evacuation
[2019-06-05T13:35:57.342+0930][gc,phases     ] GC(4)   Pre Evacuate Collection Set: 0.0ms
[2019-06-05T13:35:57.342+0930][gc,phases     ] GC(4)   Evacuate Collection Set: 7.0ms
[2019-06-05T13:35:57.342+0930][gc,phases     ] GC(4)   Post Evacuate Collection Set: 0.6ms
[2019-06-05T13:35:57.342+0930][gc,phases     ] GC(4)   Other: 0.3ms
[2019-06-05T13:35:57.342+0930][gc,heap       ] GC(4) Eden regions: 45->0(48)
[2019-06-05T13:35:57.342+0930][gc,heap       ] GC(4) Survivor regions: 6->3(7)
[2019-06-05T13:35:57.342+0930][gc,heap       ] GC(4) Old regions: 8->13
[2019-06-05T13:35:57.342+0930][gc,heap       ] GC(4) Humongous regions: 129->129
[2019-06-05T13:35:57.342+0930][gc,metaspace  ] GC(4) Metaspace: 32151K->32151K(1079296K)
[2019-06-05T13:35:57.342+0930][gc            ] GC(4) Pause Young (Normal) (G1 Evacuation Pause) 185M->142M(1024M) 8.084ms
[2019-06-05T13:35:57.342+0930][gc,cpu        ] GC(4) User=0.00s Sys=0.00s Real=0.01s
[2019-06-05T13:35:58.911+0930][gc,start      ] GC(5) Pause Young (Normal) (G1 Evacuation Pause)
[2019-06-05T13:35:58.911+0930][gc,task       ] GC(5) Using 8 workers of 8 for evacuation
[2019-06-05T13:35:58.914+0930][gc,phases     ] GC(5)   Pre Evacuate Collection Set: 0.0ms
[2019-06-05T13:35:58.914+0930][gc,phases     ] GC(5)   Evacuate Collection Set: 1.7ms
[2019-06-05T13:35:58.914+0930][gc,phases     ] GC(5)   Post Evacuate Collection Set: 0.3ms
[2019-06-05T13:35:58.914+0930][gc,phases     ] GC(5)   Other: 0.2ms
[2019-06-05T13:35:58.914+0930][gc,heap       ] GC(5) Eden regions: 48->0(48)
[2019-06-05T13:35:58.914+0930][gc,heap       ] GC(5) Survivor regions: 3->3(7)
[2019-06-05T13:35:58.914+0930][gc,heap       ] GC(5) Old regions: 13->13
[2019-06-05T13:35:58.914+0930][gc,heap       ] GC(5) Humongous regions: 129->129
[2019-06-05T13:35:58.914+0930][gc,metaspace  ] GC(5) Metaspace: 32161K->32161K(1079296K)
[2019-06-05T13:35:58.914+0930][gc            ] GC(5) Pause Young (Normal) (G1 Evacuation Pause) 190M->142M(1024M) 2.254ms
[2019-06-05T13:35:58.914+0930][gc,cpu        ] GC(5) User=0.00s Sys=0.00s Real=0.00s
[2019-06-05T13:35:59.966+0930][gc,start      ] GC(6) Pause Young (Normal) (G1 Evacuation Pause)
[2019-06-05T13:35:59.966+0930][gc,task       ] GC(6) Using 8 workers of 8 for evacuation
[2019-06-05T13:35:59.969+0930][gc,phases     ] GC(6)   Pre Evacuate Collection Set: 0.0ms
[2019-06-05T13:35:59.969+0930][gc,phases     ] GC(6)   Evacuate Collection Set: 2.5ms
[2019-06-05T13:35:59.969+0930][gc,phases     ] GC(6)   Post Evacuate Collection Set: 0.3ms
[2019-06-05T13:35:59.969+0930][gc,phases     ] GC(6)   Other: 0.2ms
[2019-06-05T13:35:59.969+0930][gc,heap       ] GC(6) Eden regions: 48->0(48)
[2019-06-05T13:35:59.969+0930][gc,heap       ] GC(6) Survivor regions: 3->3(7)
[2019-06-05T13:35:59.969+0930][gc,heap       ] GC(6) Old regions: 13->13
[2019-06-05T13:35:59.969+0930][gc,heap       ] GC(6) Humongous regions: 129->129
[2019-06-05T13:35:59.969+0930][gc,metaspace  ] GC(6) Metaspace: 32162K->32162K(1079296K)
[2019-06-05T13:35:59.969+0930][gc            ] GC(6) Pause Young (Normal) (G1 Evacuation Pause) 190M->142M(1024M) 3.100ms
[2019-06-05T13:35:59.969+0930][gc,cpu        ] GC(6) User=0.00s Sys=0.00s Real=0.00s
[2019-06-05T13:36:01.019+0930][gc,start      ] GC(7) Pause Young (Normal) (G1 Evacuation Pause)
[2019-06-05T13:36:01.019+0930][gc,task       ] GC(7) Using 8 workers of 8 for evacuation
[2019-06-05T13:36:01.021+0930][gc,phases     ] GC(7)   Pre Evacuate Collection Set: 0.0ms
[2019-06-05T13:36:01.021+0930][gc,phases     ] GC(7)   Evacuate Collection Set: 1.5ms
[2019-06-05T13:36:01.021+0930][gc,phases     ] GC(7)   Post Evacuate Collection Set: 0.3ms
[2019-06-05T13:36:01.021+0930][gc,phases     ] GC(7)   Other: 0.2ms
[2019-06-05T13:36:01.021+0930][gc,heap       ] GC(7) Eden regions: 48->0(48)
[2019-06-05T13:36:01.021+0930][gc,heap       ] GC(7) Survivor regions: 3->3(7)
[2019-06-05T13:36:01.021+0930][gc,heap       ] GC(7) Old regions: 13->13
[2019-06-05T13:36:01.021+0930][gc,heap       ] GC(7) Humongous regions: 129->129
[2019-06-05T13:36:01.021+0930][gc,metaspace  ] GC(7) Metaspace: 32162K->32162K(1079296K)
[2019-06-05T13:36:01.021+0930][gc            ] GC(7) Pause Young (Normal) (G1 Evacuation Pause) 190M->142M(1024M) 2.128ms
[2019-06-05T13:36:01.021+0930][gc,cpu        ] GC(7) User=0.12s Sys=0.00s Real=0.00s
[2019-06-05T13:36:01.920+0930][gc,start      ] GC(8) Pause Young (Normal) (G1 Evacuation Pause)
[2019-06-05T13:36:01.920+0930][gc,task       ] GC(8) Using 8 workers of 8 for evacuation
[2019-06-05T13:36:01.923+0930][gc,phases     ] GC(8)   Pre Evacuate Collection Set: 0.0ms
[2019-06-05T13:36:01.923+0930][gc,phases     ] GC(8)   Evacuate Collection Set: 2.2ms
[2019-06-05T13:36:01.923+0930][gc,phases     ] GC(8)   Post Evacuate Collection Set: 0.3ms
[2019-06-05T13:36:01.923+0930][gc,phases     ] GC(8)   Other: 0.2ms
[2019-06-05T13:36:01.923+0930][gc,heap       ] GC(8) Eden regions: 48->0(61)
[2019-06-05T13:36:01.923+0930][gc,heap       ] GC(8) Survivor regions: 3->3(7)
[2019-06-05T13:36:01.923+0930][gc,heap       ] GC(8) Old regions: 13->13
[2019-06-05T13:36:01.923+0930][gc,heap       ] GC(8) Humongous regions: 129->129
[2019-06-05T13:36:01.923+0930][gc,metaspace  ] GC(8) Metaspace: 32170K->32170K(1079296K)
[2019-06-05T13:36:01.923+0930][gc            ] GC(8) Pause Young (Normal) (G1 Evacuation Pause) 190M->142M(1024M) 2.757ms
[2019-06-05T13:36:01.923+0930][gc,cpu        ] GC(8) User=0.00s Sys=0.00s Real=0.00s
[2019-06-05T13:36:03.144+0930][gc,start      ] GC(9) Pause Young (Normal) (G1 Evacuation Pause)
[2019-06-05T13:36:03.144+0930][gc,task       ] GC(9) Using 8 workers of 8 for evacuation
[2019-06-05T13:36:03.149+0930][gc,phases     ] GC(9)   Pre Evacuate Collection Set: 0.0ms
[2019-06-05T13:36:03.149+0930][gc,phases     ] GC(9)   Evacuate Collection Set: 4.6ms
[2019-06-05T13:36:03.149+0930][gc,phases     ] GC(9)   Post Evacuate Collection Set: 0.3ms
[2019-06-05T13:36:03.150+0930][gc,phases     ] GC(9)   Other: 0.3ms
[2019-06-05T13:36:03.150+0930][gc,heap       ] GC(9) Eden regions: 61->0(84)
[2019-06-05T13:36:03.150+0930][gc,heap       ] GC(9) Survivor regions: 3->3(8)
[2019-06-05T13:36:03.150+0930][gc,heap       ] GC(9) Old regions: 13->13
[2019-06-05T13:36:03.150+0930][gc,heap       ] GC(9) Humongous regions: 129->129
[2019-06-05T13:36:03.150+0930][gc,metaspace  ] GC(9) Metaspace: 32398K->32398K(1079296K)
[2019-06-05T13:36:03.150+0930][gc            ] GC(9) Pause Young (Normal) (G1 Evacuation Pause) 203M->142M(1024M) 5.350ms
[2019-06-05T13:36:03.150+0930][gc,cpu        ] GC(9) User=0.08s Sys=0.02s Real=0.01s
[2019-06-05T13:36:04.936+0930][gc,start      ] GC(10) Pause Young (Normal) (G1 Evacuation Pause)
[2019-06-05T13:36:04.936+0930][gc,task       ] GC(10) Using 8 workers of 8 for evacuation
[2019-06-05T13:36:04.942+0930][gc,phases     ] GC(10)   Pre Evacuate Collection Set: 0.2ms
[2019-06-05T13:36:04.942+0930][gc,phases     ] GC(10)   Evacuate Collection Set: 4.8ms
[2019-06-05T13:36:04.942+0930][gc,phases     ] GC(10)   Post Evacuate Collection Set: 0.4ms
[2019-06-05T13:36:04.942+0930][gc,phases     ] GC(10)   Other: 0.3ms
[2019-06-05T13:36:04.942+0930][gc,heap       ] GC(10) Eden regions: 84->0(103)
[2019-06-05T13:36:04.942+0930][gc,heap       ] GC(10) Survivor regions: 3->3(11)
[2019-06-05T13:36:04.942+0930][gc,heap       ] GC(10) Old regions: 13->13
[2019-06-05T13:36:04.942+0930][gc,heap       ] GC(10) Humongous regions: 129->129
[2019-06-05T13:36:04.942+0930][gc,metaspace  ] GC(10) Metaspace: 32398K->32398K(1079296K)
[2019-06-05T13:36:04.942+0930][gc            ] GC(10) Pause Young (Normal) (G1 Evacuation Pause) 226M->142M(1024M) 5.898ms
[2019-06-05T13:36:04.942+0930][gc,cpu        ] GC(10) User=0.01s Sys=0.02s Real=0.00s
[2019-06-05T13:36:07.175+0930][gc,start      ] GC(11) Pause Young (Normal) (G1 Evacuation Pause)
[2019-06-05T13:36:07.175+0930][gc,task       ] GC(11) Using 8 workers of 8 for evacuation
[2019-06-05T13:36:07.180+0930][gc,phases     ] GC(11)   Pre Evacuate Collection Set: 0.0ms
[2019-06-05T13:36:07.180+0930][gc,phases     ] GC(11)   Evacuate Collection Set: 4.2ms
[2019-06-05T13:36:07.180+0930][gc,phases     ] GC(11)   Post Evacuate Collection Set: 0.5ms
[2019-06-05T13:36:07.180+0930][gc,phases     ] GC(11)   Other: 0.2ms
[2019-06-05T13:36:07.180+0930][gc,heap       ] GC(11) Eden regions: 103->0(130)
[2019-06-05T13:36:07.180+0930][gc,heap       ] GC(11) Survivor regions: 3->3(14)
[2019-06-05T13:36:07.180+0930][gc,heap       ] GC(11) Old regions: 13->13
[2019-06-05T13:36:07.180+0930][gc,heap       ] GC(11) Humongous regions: 129->129
[2019-06-05T13:36:07.180+0930][gc,metaspace  ] GC(11) Metaspace: 33011K->33011K(1079296K)
[2019-06-05T13:36:07.180+0930][gc            ] GC(11) Pause Young (Normal) (G1 Evacuation Pause) 245M->142M(1024M) 5.163ms
[2019-06-05T13:36:07.181+0930][gc,cpu        ] GC(11) User=0.03s Sys=0.10s Real=0.00s
[2019-06-05T13:36:09.677+0930][gc,start      ] GC(12) Pause Young (Normal) (G1 Evacuation Pause)
[2019-06-05T13:36:09.677+0930][gc,task       ] GC(12) Using 8 workers of 8 for evacuation
[2019-06-05T13:36:09.681+0930][gc,phases     ] GC(12)   Pre Evacuate Collection Set: 0.0ms
[2019-06-05T13:36:09.681+0930][gc,phases     ] GC(12)   Evacuate Collection Set: 3.1ms
[2019-06-05T13:36:09.681+0930][gc,phases     ] GC(12)   Post Evacuate Collection Set: 0.3ms
[2019-06-05T13:36:09.681+0930][gc,phases     ] GC(12)   Other: 0.2ms
[2019-06-05T13:36:09.681+0930][gc,heap       ] GC(12) Eden regions: 130->0(144)
[2019-06-05T13:36:09.681+0930][gc,heap       ] GC(12) Survivor regions: 3->3(17)
[2019-06-05T13:36:09.681+0930][gc,heap       ] GC(12) Old regions: 13->13
[2019-06-05T13:36:09.681+0930][gc,heap       ] GC(12) Humongous regions: 129->129
[2019-06-05T13:36:09.681+0930][gc,metaspace  ] GC(12) Metaspace: 33020K->33020K(1079296K)
[2019-06-05T13:36:09.681+0930][gc            ] GC(12) Pause Young (Normal) (G1 Evacuation Pause) 272M->143M(1024M) 3.822ms
[2019-06-05T13:36:09.681+0930][gc,cpu        ] GC(12) User=0.00s Sys=0.00s Real=0.00s
[2019-06-05T13:36:12.688+0930][gc,start      ] GC(13) Pause Young (Normal) (G1 Evacuation Pause)
[2019-06-05T13:36:12.688+0930][gc,task       ] GC(13) Using 8 workers of 8 for evacuation
[2019-06-05T13:36:12.692+0930][gc,phases     ] GC(13)   Pre Evacuate Collection Set: 0.0ms
[2019-06-05T13:36:12.692+0930][gc,phases     ] GC(13)   Evacuate Collection Set: 3.1ms
[2019-06-05T13:36:12.692+0930][gc,phases     ] GC(13)   Post Evacuate Collection Set: 0.4ms
[2019-06-05T13:36:12.692+0930][gc,phases     ] GC(13)   Other: 0.2ms
[2019-06-05T13:36:12.692+0930][gc,heap       ] GC(13) Eden regions: 144->0(164)
[2019-06-05T13:36:12.692+0930][gc,heap       ] GC(13) Survivor regions: 3->3(19)
[2019-06-05T13:36:12.692+0930][gc,heap       ] GC(13) Old regions: 13->13
[2019-06-05T13:36:12.692+0930][gc,heap       ] GC(13) Humongous regions: 129->129
[2019-06-05T13:36:12.692+0930][gc,metaspace  ] GC(13) Metaspace: 33027K->33027K(1079296K)
[2019-06-05T13:36:12.692+0930][gc            ] GC(13) Pause Young (Normal) (G1 Evacuation Pause) 287M->143M(1024M) 3.841ms
[2019-06-05T13:36:12.692+0930][gc,cpu        ] GC(13) User=0.08s Sys=0.05s Real=0.00s
[2019-06-05T13:36:16.669+0930][gc,start      ] GC(14) Pause Young (Normal) (G1 Evacuation Pause)
[2019-06-05T13:36:16.669+0930][gc,task       ] GC(14) Using 8 workers of 8 for evacuation
[2019-06-05T13:36:16.672+0930][gc,phases     ] GC(14)   Pre Evacuate Collection Set: 0.0ms
[2019-06-05T13:36:16.672+0930][gc,phases     ] GC(14)   Evacuate Collection Set: 3.1ms
[2019-06-05T13:36:16.672+0930][gc,phases     ] GC(14)   Post Evacuate Collection Set: 0.4ms
[2019-06-05T13:36:16.672+0930][gc,phases     ] GC(14)   Other: 0.2ms
[2019-06-05T13:36:16.672+0930][gc,heap       ] GC(14) Eden regions: 164->0(182)
[2019-06-05T13:36:16.672+0930][gc,heap       ] GC(14) Survivor regions: 3->3(21)
[2019-06-05T13:36:16.672+0930][gc,heap       ] GC(14) Old regions: 13->13
[2019-06-05T13:36:16.672+0930][gc,heap       ] GC(14) Humongous regions: 129->129
[2019-06-05T13:36:16.672+0930][gc,metaspace  ] GC(14) Metaspace: 33043K->33043K(1079296K)
[2019-06-05T13:36:16.672+0930][gc            ] GC(14) Pause Young (Normal) (G1 Evacuation Pause) 307M->142M(1024M) 3.839ms
[2019-06-05T13:36:16.673+0930][gc,cpu        ] GC(14) User=0.00s Sys=0.00s Real=0.00s
[2019-06-05T13:36:20.944+0930][gc,start      ] GC(15) Pause Young (Normal) (G1 Evacuation Pause)
[2019-06-05T13:36:20.944+0930][gc,task       ] GC(15) Using 8 workers of 8 for evacuation
[2019-06-05T13:36:20.948+0930][gc,phases     ] GC(15)   Pre Evacuate Collection Set: 0.0ms
[2019-06-05T13:36:20.948+0930][gc,phases     ] GC(15)   Evacuate Collection Set: 4.0ms
[2019-06-05T13:36:20.948+0930][gc,phases     ] GC(15)   Post Evacuate Collection Set: 0.4ms
[2019-06-05T13:36:20.948+0930][gc,phases     ] GC(15)   Other: 0.3ms
[2019-06-05T13:36:20.948+0930][gc,heap       ] GC(15) Eden regions: 182->0(204)
[2019-06-05T13:36:20.948+0930][gc,heap       ] GC(15) Survivor regions: 3->3(24)
[2019-06-05T13:36:20.948+0930][gc,heap       ] GC(15) Old regions: 13->13
[2019-06-05T13:36:20.948+0930][gc,heap       ] GC(15) Humongous regions: 129->129
[2019-06-05T13:36:20.948+0930][gc,metaspace  ] GC(15) Metaspace: 33058K->33058K(1079296K)
[2019-06-05T13:36:20.948+0930][gc            ] GC(15) Pause Young (Normal) (G1 Evacuation Pause) 324M->142M(1024M) 4.812ms
[2019-06-05T13:36:20.948+0930][gc,cpu        ] GC(15) User=0.00s Sys=0.00s Real=0.01s
[2019-06-05T13:36:30.014+0930][gc,start      ] GC(16) Pause Young (Normal) (G1 Evacuation Pause)
[2019-06-05T13:36:30.014+0930][gc,task       ] GC(16) Using 8 workers of 8 for evacuation
[2019-06-05T13:36:30.019+0930][gc,phases     ] GC(16)   Pre Evacuate Collection Set: 0.0ms
[2019-06-05T13:36:30.019+0930][gc,phases     ] GC(16)   Evacuate Collection Set: 4.0ms
[2019-06-05T13:36:30.019+0930][gc,phases     ] GC(16)   Post Evacuate Collection Set: 0.4ms
[2019-06-05T13:36:30.019+0930][gc,phases     ] GC(16)   Other: 0.2ms
[2019-06-05T13:36:30.019+0930][gc,heap       ] GC(16) Eden regions: 204->0(226)
[2019-06-05T13:36:30.019+0930][gc,heap       ] GC(16) Survivor regions: 3->3(26)
[2019-06-05T13:36:30.019+0930][gc,heap       ] GC(16) Old regions: 13->13
[2019-06-05T13:36:30.019+0930][gc,heap       ] GC(16) Humongous regions: 129->129
[2019-06-05T13:36:30.019+0930][gc,metaspace  ] GC(16) Metaspace: 33061K->33061K(1079296K)
[2019-06-05T13:36:30.019+0930][gc            ] GC(16) Pause Young (Normal) (G1 Evacuation Pause) 346M->143M(1024M) 4.729ms
[2019-06-05T13:36:30.019+0930][gc,cpu        ] GC(16) User=0.00s Sys=0.00s Real=0.01s
[2019-06-05T13:36:36.380+0930][gc,start      ] GC(17) Pause Young (Normal) (G1 Evacuation Pause)
[2019-06-05T13:36:36.380+0930][gc,task       ] GC(17) Using 8 workers of 8 for evacuation
[2019-06-05T13:36:36.385+0930][gc,phases     ] GC(17)   Pre Evacuate Collection Set: 0.0ms
[2019-06-05T13:36:36.385+0930][gc,phases     ] GC(17)   Evacuate Collection Set: 4.3ms
[2019-06-05T13:36:36.385+0930][gc,phases     ] GC(17)   Post Evacuate Collection Set: 0.4ms
[2019-06-05T13:36:36.385+0930][gc,phases     ] GC(17)   Other: 0.3ms
[2019-06-05T13:36:36.385+0930][gc,heap       ] GC(17) Eden regions: 226->0(247)
[2019-06-05T13:36:36.385+0930][gc,heap       ] GC(17) Survivor regions: 3->3(29)
[2019-06-05T13:36:36.385+0930][gc,heap       ] GC(17) Old regions: 13->13
[2019-06-05T13:36:36.385+0930][gc,heap       ] GC(17) Humongous regions: 129->129
[2019-06-05T13:36:36.385+0930][gc,metaspace  ] GC(17) Metaspace: 33137K->33137K(1079296K)
[2019-06-05T13:36:36.385+0930][gc            ] GC(17) Pause Young (Normal) (G1 Evacuation Pause) 369M->143M(1024M) 5.175ms
[2019-06-05T13:36:36.385+0930][gc,cpu        ] GC(17) User=0.00s Sys=0.00s Real=0.01s
[2019-06-05T13:36:43.352+0930][gc,start      ] GC(18) Pause Young (Normal) (G1 Evacuation Pause)
[2019-06-05T13:36:43.352+0930][gc,task       ] GC(18) Using 8 workers of 8 for evacuation
[2019-06-05T13:36:43.358+0930][gc,phases     ] GC(18)   Pre Evacuate Collection Set: 0.0ms
[2019-06-05T13:36:43.358+0930][gc,phases     ] GC(18)   Evacuate Collection Set: 4.4ms
[2019-06-05T13:36:43.358+0930][gc,phases     ] GC(18)   Post Evacuate Collection Set: 1.7ms
[2019-06-05T13:36:43.359+0930][gc,phases     ] GC(18)   Other: 0.2ms
[2019-06-05T13:36:43.359+0930][gc,heap       ] GC(18) Eden regions: 247->0(265)
[2019-06-05T13:36:43.359+0930][gc,heap       ] GC(18) Survivor regions: 3->3(32)
[2019-06-05T13:36:43.359+0930][gc,heap       ] GC(18) Old regions: 13->13
[2019-06-05T13:36:43.359+0930][gc,heap       ] GC(18) Humongous regions: 129->129
[2019-06-05T13:36:43.359+0930][gc,metaspace  ] GC(18) Metaspace: 33141K->33141K(1079296K)
[2019-06-05T13:36:43.359+0930][gc            ] GC(18) Pause Young (Normal) (G1 Evacuation Pause) 390M->143M(1024M) 6.417ms
[2019-06-05T13:36:43.359+0930][gc,cpu        ] GC(18) User=0.00s Sys=0.00s Real=0.01s
[2019-06-05T13:36:50.696+0930][gc,start      ] GC(19) Pause Young (Normal) (G1 Evacuation Pause)
[2019-06-05T13:36:50.696+0930][gc,task       ] GC(19) Using 8 workers of 8 for evacuation
[2019-06-05T13:36:50.705+0930][gc,phases     ] GC(19)   Pre Evacuate Collection Set: 0.0ms
[2019-06-05T13:36:50.705+0930][gc,phases     ] GC(19)   Evacuate Collection Set: 7.5ms
[2019-06-05T13:36:50.705+0930][gc,phases     ] GC(19)   Post Evacuate Collection Set: 0.6ms
[2019-06-05T13:36:50.705+0930][gc,phases     ] GC(19)   Other: 0.3ms
[2019-06-05T13:36:50.705+0930][gc,heap       ] GC(19) Eden regions: 265->0(276)
[2019-06-05T13:36:50.705+0930][gc,heap       ] GC(19) Survivor regions: 3->2(34)
[2019-06-05T13:36:50.705+0930][gc,heap       ] GC(19) Old regions: 13->14
[2019-06-05T13:36:50.705+0930][gc,heap       ] GC(19) Humongous regions: 129->129
[2019-06-05T13:36:50.705+0930][gc,metaspace  ] GC(19) Metaspace: 33152K->33152K(1079296K)
[2019-06-05T13:36:50.705+0930][gc            ] GC(19) Pause Young (Normal) (G1 Evacuation Pause) 408M->143M(1024M) 8.549ms
[2019-06-05T13:36:50.705+0930][gc,cpu        ] GC(19) User=0.00s Sys=0.00s Real=0.00s
[2019-06-05T13:36:59.573+0930][gc,start      ] GC(20) Pause Young (Normal) (G1 Evacuation Pause)
[2019-06-05T13:36:59.573+0930][gc,task       ] GC(20) Using 8 workers of 8 for evacuation
[2019-06-05T13:36:59.578+0930][gc,phases     ] GC(20)   Pre Evacuate Collection Set: 0.1ms
[2019-06-05T13:36:59.579+0930][gc,phases     ] GC(20)   Evacuate Collection Set: 4.3ms
[2019-06-05T13:36:59.579+0930][gc,phases     ] GC(20)   Post Evacuate Collection Set: 0.4ms
[2019-06-05T13:36:59.579+0930][gc,phases     ] GC(20)   Other: 1.2ms
[2019-06-05T13:36:59.579+0930][gc,heap       ] GC(20) Eden regions: 276->0(286)
[2019-06-05T13:36:59.579+0930][gc,heap       ] GC(20) Survivor regions: 2->2(35)
[2019-06-05T13:36:59.579+0930][gc,heap       ] GC(20) Old regions: 14->14
[2019-06-05T13:36:59.579+0930][gc,heap       ] GC(20) Humongous regions: 129->129
[2019-06-05T13:36:59.579+0930][gc,metaspace  ] GC(20) Metaspace: 33163K->33163K(1079296K)
[2019-06-05T13:36:59.579+0930][gc            ] GC(20) Pause Young (Normal) (G1 Evacuation Pause) 419M->143M(1024M) 5.782ms
[2019-06-05T13:36:59.579+0930][gc,cpu        ] GC(20) User=0.00s Sys=0.00s Real=0.01s
[2019-06-05T13:37:06.964+0930][gc,start      ] GC(21) Pause Young (Normal) (G1 Evacuation Pause)
[2019-06-05T13:37:06.964+0930][gc,task       ] GC(21) Using 8 workers of 8 for evacuation
[2019-06-05T13:37:06.967+0930][gc,phases     ] GC(21)   Pre Evacuate Collection Set: 0.0ms
[2019-06-05T13:37:06.967+0930][gc,phases     ] GC(21)   Evacuate Collection Set: 2.7ms
[2019-06-05T13:37:06.967+0930][gc,phases     ] GC(21)   Post Evacuate Collection Set: 0.5ms
[2019-06-05T13:37:06.967+0930][gc,phases     ] GC(21)   Other: 0.2ms
[2019-06-05T13:37:06.967+0930][gc,heap       ] GC(21) Eden regions: 286->0(296)
[2019-06-05T13:37:06.967+0930][gc,heap       ] GC(21) Survivor regions: 2->2(36)
[2019-06-05T13:37:06.967+0930][gc,heap       ] GC(21) Old regions: 14->15
[2019-06-05T13:37:06.967+0930][gc,heap       ] GC(21) Humongous regions: 129->129
[2019-06-05T13:37:06.967+0930][gc,metaspace  ] GC(21) Metaspace: 33197K->33197K(1079296K)
[2019-06-05T13:37:06.967+0930][gc            ] GC(21) Pause Young (Normal) (G1 Evacuation Pause) 429M->143M(1024M) 3.526ms
[2019-06-05T13:37:06.967+0930][gc,cpu        ] GC(21) User=0.00s Sys=0.00s Real=0.01s
[2019-06-05T13:37:14.411+0930][gc,start      ] GC(22) Pause Young (Normal) (G1 Evacuation Pause)
[2019-06-05T13:37:14.412+0930][gc,task       ] GC(22) Using 8 workers of 8 for evacuation
[2019-06-05T13:37:14.416+0930][gc,phases     ] GC(22)   Pre Evacuate Collection Set: 0.0ms
[2019-06-05T13:37:14.416+0930][gc,phases     ] GC(22)   Evacuate Collection Set: 3.5ms
[2019-06-05T13:37:14.416+0930][gc,phases     ] GC(22)   Post Evacuate Collection Set: 0.4ms
[2019-06-05T13:37:14.416+0930][gc,phases     ] GC(22)   Other: 0.2ms
[2019-06-05T13:37:14.416+0930][gc,heap       ] GC(22) Eden regions: 296->0(305)
[2019-06-05T13:37:14.416+0930][gc,heap       ] GC(22) Survivor regions: 2->2(38)
[2019-06-05T13:37:14.416+0930][gc,heap       ] GC(22) Old regions: 15->15
[2019-06-05T13:37:14.416+0930][gc,heap       ] GC(22) Humongous regions: 129->129
[2019-06-05T13:37:14.416+0930][gc,metaspace  ] GC(22) Metaspace: 33226K->33226K(1079296K)
[2019-06-05T13:37:14.416+0930][gc            ] GC(22) Pause Young (Normal) (G1 Evacuation Pause) 439M->143M(1024M) 4.251ms
[2019-06-05T13:37:14.416+0930][gc,cpu        ] GC(22) User=0.00s Sys=0.00s Real=0.01s
[2019-06-05T13:37:22.098+0930][gc,start      ] GC(23) Pause Young (Normal) (G1 Evacuation Pause)
[2019-06-05T13:37:22.098+0930][gc,task       ] GC(23) Using 8 workers of 8 for evacuation
[2019-06-05T13:37:22.104+0930][gc,phases     ] GC(23)   Pre Evacuate Collection Set: 0.0ms
[2019-06-05T13:37:22.104+0930][gc,phases     ] GC(23)   Evacuate Collection Set: 5.1ms
[2019-06-05T13:37:22.104+0930][gc,phases     ] GC(23)   Post Evacuate Collection Set: 0.5ms
[2019-06-05T13:37:22.104+0930][gc,phases     ] GC(23)   Other: 0.2ms
[2019-06-05T13:37:22.104+0930][gc,heap       ] GC(23) Eden regions: 305->0(313)
[2019-06-05T13:37:22.104+0930][gc,heap       ] GC(23) Survivor regions: 2->3(39)
[2019-06-05T13:37:22.104+0930][gc,heap       ] GC(23) Old regions: 15->15
[2019-06-05T13:37:22.104+0930][gc,heap       ] GC(23) Humongous regions: 129->129
[2019-06-05T13:37:22.104+0930][gc,metaspace  ] GC(23) Metaspace: 33257K->33257K(1079296K)
[2019-06-05T13:37:22.104+0930][gc            ] GC(23) Pause Young (Normal) (G1 Evacuation Pause) 448M->144M(1024M) 5.950ms
[2019-06-05T13:37:22.104+0930][gc,cpu        ] GC(23) User=0.00s Sys=0.00s Real=0.00s
[2019-06-05T13:37:30.581+0930][gc,start      ] GC(24) Pause Young (Normal) (G1 Evacuation Pause)
[2019-06-05T13:37:30.581+0930][gc,task       ] GC(24) Using 8 workers of 8 for evacuation
[2019-06-05T13:37:30.589+0930][gc,phases     ] GC(24)   Pre Evacuate Collection Set: 0.0ms
[2019-06-05T13:37:30.589+0930][gc,phases     ] GC(24)   Evacuate Collection Set: 7.1ms
[2019-06-05T13:37:30.589+0930][gc,phases     ] GC(24)   Post Evacuate Collection Set: 0.5ms
[2019-06-05T13:37:30.589+0930][gc,phases     ] GC(24)   Other: 0.2ms
[2019-06-05T13:37:30.589+0930][gc,heap       ] GC(24) Eden regions: 313->0(329)
[2019-06-05T13:37:30.589+0930][gc,heap       ] GC(24) Survivor regions: 3->3(40)
[2019-06-05T13:37:30.589+0930][gc,heap       ] GC(24) Old regions: 15->15
[2019-06-05T13:37:30.589+0930][gc,heap       ] GC(24) Humongous regions: 129->129
[2019-06-05T13:37:30.589+0930][gc,metaspace  ] GC(24) Metaspace: 33287K->33287K(1079296K)
[2019-06-05T13:37:30.589+0930][gc            ] GC(24) Pause Young (Normal) (G1 Evacuation Pause) 457M->144M(1024M) 8.041ms
[2019-06-05T13:37:30.589+0930][gc,cpu        ] GC(24) User=0.01s Sys=0.10s Real=0.01s
[2019-06-05T13:37:39.002+0930][gc,start      ] GC(25) Pause Young (Normal) (G1 Evacuation Pause)
[2019-06-05T13:37:39.002+0930][gc,task       ] GC(25) Using 8 workers of 8 for evacuation
[2019-06-05T13:37:39.008+0930][gc,phases     ] GC(25)   Pre Evacuate Collection Set: 0.1ms
[2019-06-05T13:37:39.008+0930][gc,phases     ] GC(25)   Evacuate Collection Set: 4.3ms
[2019-06-05T13:37:39.008+0930][gc,phases     ] GC(25)   Post Evacuate Collection Set: 0.7ms
[2019-06-05T13:37:39.008+0930][gc,phases     ] GC(25)   Other: 0.4ms
[2019-06-05T13:37:39.008+0930][gc,heap       ] GC(25) Eden regions: 329->0(337)
[2019-06-05T13:37:39.008+0930][gc,heap       ] GC(25) Survivor regions: 3->3(42)
[2019-06-05T13:37:39.008+0930][gc,heap       ] GC(25) Old regions: 15->15
[2019-06-05T13:37:39.008+0930][gc,heap       ] GC(25) Humongous regions: 129->129
[2019-06-05T13:37:39.008+0930][gc,metaspace  ] GC(25) Metaspace: 33342K->33342K(1079296K)
[2019-06-05T13:37:39.008+0930][gc            ] GC(25) Pause Young (Normal) (G1 Evacuation Pause) 473M->144M(1024M) 5.543ms
[2019-06-05T13:37:39.008+0930][gc,cpu        ] GC(25) User=0.04s Sys=0.07s Real=0.01s
[2019-06-05T13:37:47.823+0930][gc,start      ] GC(26) Pause Young (Normal) (G1 Evacuation Pause)
[2019-06-05T13:37:47.824+0930][gc,task       ] GC(26) Using 8 workers of 8 for evacuation
[2019-06-05T13:37:47.830+0930][gc,phases     ] GC(26)   Pre Evacuate Collection Set: 0.0ms
[2019-06-05T13:37:47.830+0930][gc,phases     ] GC(26)   Evacuate Collection Set: 5.5ms
[2019-06-05T13:37:47.830+0930][gc,phases     ] GC(26)   Post Evacuate Collection Set: 0.5ms
[2019-06-05T13:37:47.830+0930][gc,phases     ] GC(26)   Other: 0.2ms
[2019-06-05T13:37:47.830+0930][gc,heap       ] GC(26) Eden regions: 337->0(344)
[2019-06-05T13:37:47.830+0930][gc,heap       ] GC(26) Survivor regions: 3->3(43)
[2019-06-05T13:37:47.830+0930][gc,heap       ] GC(26) Old regions: 15->15
[2019-06-05T13:37:47.830+0930][gc,heap       ] GC(26) Humongous regions: 129->129
[2019-06-05T13:37:47.830+0930][gc,metaspace  ] GC(26) Metaspace: 33357K->33357K(1079296K)
[2019-06-05T13:37:47.830+0930][gc            ] GC(26) Pause Young (Normal) (G1 Evacuation Pause) 481M->145M(1024M) 6.434ms
[2019-06-05T13:37:47.830+0930][gc,cpu        ] GC(26) User=0.00s Sys=0.00s Real=0.01s
[2019-06-05T13:37:57.273+0930][gc,start      ] GC(27) Pause Young (Normal) (G1 Evacuation Pause)
[2019-06-05T13:37:57.273+0930][gc,task       ] GC(27) Using 8 workers of 8 for evacuation
[2019-06-05T13:37:57.279+0930][gc,phases     ] GC(27)   Pre Evacuate Collection Set: 0.0ms
[2019-06-05T13:37:57.279+0930][gc,phases     ] GC(27)   Evacuate Collection Set: 4.9ms
[2019-06-05T13:37:57.279+0930][gc,phases     ] GC(27)   Post Evacuate Collection Set: 0.6ms
[2019-06-05T13:37:57.279+0930][gc,phases     ] GC(27)   Other: 0.2ms
[2019-06-05T13:37:57.279+0930][gc,heap       ] GC(27) Eden regions: 344->0(352)
[2019-06-05T13:37:57.279+0930][gc,heap       ] GC(27) Survivor regions: 3->4(44)
[2019-06-05T13:37:57.279+0930][gc,heap       ] GC(27) Old regions: 15->15
[2019-06-05T13:37:57.279+0930][gc,heap       ] GC(27) Humongous regions: 129->129
[2019-06-05T13:37:57.279+0930][gc,metaspace  ] GC(27) Metaspace: 33385K->33385K(1079296K)
[2019-06-05T13:37:57.279+0930][gc            ] GC(27) Pause Young (Normal) (G1 Evacuation Pause) 489M->145M(1024M) 6.021ms
[2019-06-05T13:37:57.279+0930][gc,cpu        ] GC(27) User=0.00s Sys=0.00s Real=0.01s
[2019-06-05T13:38:08.733+0930][gc,start      ] GC(28) Pause Young (Concurrent Start) (Metadata GC Threshold)
[2019-06-05T13:38:08.733+0930][gc,task       ] GC(28) Using 8 workers of 8 for evacuation
[2019-06-05T13:38:08.741+0930][gc,phases     ] GC(28)   Pre Evacuate Collection Set: 0.3ms
[2019-06-05T13:38:08.741+0930][gc,phases     ] GC(28)   Evacuate Collection Set: 6.6ms
[2019-06-05T13:38:08.741+0930][gc,phases     ] GC(28)   Post Evacuate Collection Set: 0.8ms
[2019-06-05T13:38:08.741+0930][gc,phases     ] GC(28)   Other: 0.6ms
[2019-06-05T13:38:08.741+0930][gc,heap       ] GC(28) Eden regions: 329->0(351)
[2019-06-05T13:38:08.741+0930][gc,heap       ] GC(28) Survivor regions: 4->4(45)
[2019-06-05T13:38:08.741+0930][gc,heap       ] GC(28) Old regions: 15->15
[2019-06-05T13:38:08.741+0930][gc,heap       ] GC(28) Humongous regions: 129->129
[2019-06-05T13:38:08.741+0930][gc,metaspace  ] GC(28) Metaspace: 33784K->33784K(1079296K)
[2019-06-05T13:38:08.741+0930][gc            ] GC(28) Pause Young (Concurrent Start) (Metadata GC Threshold) 474M->145M(1024M) 8.402ms
[2019-06-05T13:38:08.741+0930][gc,cpu        ] GC(28) User=0.13s Sys=0.00s Real=0.01s
[2019-06-05T13:38:08.741+0930][gc            ] GC(29) Concurrent Cycle
[2019-06-05T13:38:08.741+0930][gc,marking    ] GC(29) Concurrent Clear Claimed Marks
[2019-06-05T13:38:08.742+0930][gc,marking    ] GC(29) Concurrent Clear Claimed Marks 0.212ms
[2019-06-05T13:38:08.742+0930][gc,marking    ] GC(29) Concurrent Scan Root Regions
[2019-06-05T13:38:08.745+0930][gc,marking    ] GC(29) Concurrent Scan Root Regions 2.801ms
[2019-06-05T13:38:08.745+0930][gc,marking    ] GC(29) Concurrent Mark (157.540s)
[2019-06-05T13:38:08.745+0930][gc,marking    ] GC(29) Concurrent Mark From Roots
[2019-06-05T13:38:08.745+0930][gc,task       ] GC(29) Using 2 workers of 2 for marking
[2019-06-05T13:38:08.768+0930][gc,marking    ] GC(29) Concurrent Mark From Roots 22.990ms
[2019-06-05T13:38:08.768+0930][gc,marking    ] GC(29) Concurrent Preclean
[2019-06-05T13:38:08.768+0930][gc,marking    ] GC(29) Concurrent Preclean 0.155ms
[2019-06-05T13:38:08.768+0930][gc,marking    ] GC(29) Concurrent Mark (157.540s, 157.564s) 23.218ms
[2019-06-05T13:38:08.768+0930][gc,start      ] GC(29) Pause Remark
[2019-06-05T13:38:08.783+0930][gc,stringtable] GC(29) Cleaned string and symbol table, strings: 11237 processed, 13 removed, symbols: 73133 processed, 19 removed
[2019-06-05T13:38:08.783+0930][gc            ] GC(29) Pause Remark 147M->147M(1024M) 15.316ms
[2019-06-05T13:38:08.783+0930][gc,cpu        ] GC(29) User=0.00s Sys=0.00s Real=0.01s
[2019-06-05T13:38:08.783+0930][gc,marking    ] GC(29) Concurrent Rebuild Remembered Sets
[2019-06-05T13:38:08.792+0930][gc,marking    ] GC(29) Concurrent Rebuild Remembered Sets 8.738ms
[2019-06-05T13:38:08.792+0930][gc,start      ] GC(29) Pause Cleanup
[2019-06-05T13:38:08.793+0930][gc            ] GC(29) Pause Cleanup 147M->147M(1024M) 0.219ms
[2019-06-05T13:38:08.793+0930][gc,cpu        ] GC(29) User=0.00s Sys=0.00s Real=0.00s
[2019-06-05T13:38:08.793+0930][gc,marking    ] GC(29) Concurrent Cleanup for Next Mark
[2019-06-05T13:38:08.806+0930][gc,marking    ] GC(29) Concurrent Cleanup for Next Mark 13.764ms
[2019-06-05T13:38:08.806+0930][gc            ] GC(29) Concurrent Cycle 65.038ms
[2019-06-05T14:26:26.270+0930][gc,start      ] GC(30) Pause Young (Normal) (G1 Evacuation Pause)
[2019-06-05T14:26:26.271+0930][gc,task       ] GC(30) Using 8 workers of 8 for evacuation
[2019-06-05T14:26:26.303+0930][gc,mmu        ] GC(30) MMU target violated: 21.0ms (20.0ms/21.0ms)
[2019-06-05T14:26:26.304+0930][gc,phases     ] GC(30)   Pre Evacuate Collection Set: 0.4ms
[2019-06-05T14:26:26.304+0930][gc,phases     ] GC(30)   Evacuate Collection Set: 31.2ms
[2019-06-05T14:26:26.304+0930][gc,phases     ] GC(30)   Post Evacuate Collection Set: 0.9ms
[2019-06-05T14:26:26.304+0930][gc,phases     ] GC(30)   Other: 0.9ms
[2019-06-05T14:26:26.304+0930][gc,heap       ] GC(30) Eden regions: 343->0(344)
[2019-06-05T14:26:26.304+0930][gc,heap       ] GC(30) Survivor regions: 4->17(44)
[2019-06-05T14:26:26.304+0930][gc,heap       ] GC(30) Old regions: 15->15
[2019-06-05T14:26:26.304+0930][gc,heap       ] GC(30) Humongous regions: 129->129
[2019-06-05T14:26:26.304+0930][gc,metaspace  ] GC(30) Metaspace: 34591K->34591K(1081344K)
[2019-06-05T14:26:26.304+0930][gc            ] GC(30) Pause Young (Normal) (G1 Evacuation Pause) 488M->158M(1024M) 33.475ms
[2019-06-05T14:26:26.304+0930][gc,cpu        ] GC(30) User=0.09s Sys=0.13s Real=0.03s
