[2019-06-03 01:04:30,733] DEBUG preRegister called. Server=com.sun.jmx.mbeanserver.JmxMBeanServer@4f0bd71c, name=log4j:logger=state.change.logger (state.change.logger)
[2019-06-03 10:34:46,315] TRACE [Controller id=0 epoch=4] Changed state of replica 0 for partition tdn-systrk-0 from OnlineReplica to OnlineReplica (state.change.logger)
[2019-06-03 10:34:46,317] TRACE [Controller id=0 epoch=4] Sending become-leader LeaderAndIsr request PartitionState(controllerEpoch=1, leader=0, leaderEpoch=0, isr=0, zkVersion=0, replicas=0, isNew=false) to broker 0 for partition tdn-systrk-0 (state.change.logger)
[2019-06-03 10:34:46,320] TRACE [Controller id=0 epoch=4] Sending UpdateMetadata request PartitionState(controllerEpoch=1, leader=0, leaderEpoch=0, isr=[0], zkVersion=0, replicas=[0], offlineReplicas=[]) to brokers Set(0) for partition tdn-systrk-0 (state.change.logger)
[2019-06-03 10:34:46,368] TRACE [Controller id=0 epoch=4] Received response {error_code=0} for request UPDATE_METADATA with correlation id 0 sent to broker Christian-PC.lan:9092 (id: 0 rack: null) (state.change.logger)
[2019-06-03 10:34:46,375] TRACE [Broker id=0] Received LeaderAndIsr request PartitionState(controllerEpoch=1, leader=0, leaderEpoch=0, isr=0, zkVersion=0, replicas=0, isNew=false) correlation id 1 from controller 0 epoch 4 for partition tdn-systrk-0 (state.change.logger)
[2019-06-03 10:34:46,381] TRACE [Broker id=0] Handling LeaderAndIsr request correlationId 1 from controller 0 epoch 4 starting the become-leader transition for partition tdn-systrk-0 (state.change.logger)
[2019-06-03 10:34:46,411] TRACE [Broker id=0] Stopped fetchers as part of become-leader request from controller 0 epoch 4 with correlation id 1 for partition tdn-systrk-0 (last update controller epoch 1) (state.change.logger)
[2019-06-03 10:34:46,412] TRACE [Broker id=0] Completed LeaderAndIsr request correlationId 1 from controller 0 epoch 4 for the become-leader transition for partition tdn-systrk-0 (state.change.logger)
[2019-06-03 10:34:46,416] TRACE [Controller id=0 epoch=4] Received response {error_code=0,partitions=[{topic=tdn-systrk,partition=0,error_code=0}]} for request LEADER_AND_ISR with correlation id 1 sent to broker Christian-PC.lan:9092 (id: 0 rack: null) (state.change.logger)
[2019-06-03 10:34:46,420] TRACE [Broker id=0] Cached leader info PartitionState(controllerEpoch=1, leader=0, leaderEpoch=0, isr=[0], zkVersion=0, replicas=[0], offlineReplicas=[]) for partition tdn-systrk-0 in response to UpdateMetadata request sent by controller 0 epoch 4 with correlation id 2 (state.change.logger)
[2019-06-03 10:34:46,420] TRACE [Controller id=0 epoch=4] Received response {error_code=0} for request UPDATE_METADATA with correlation id 2 sent to broker Christian-PC.lan:9092 (id: 0 rack: null) (state.change.logger)
[2019-06-03 10:35:48,702] TRACE [Controller id=0 epoch=4] Changed partition systrk-0 state from NonExistentPartition to NewPartition with assigned replicas 0 (state.change.logger)
[2019-06-03 10:35:48,704] TRACE [Controller id=0 epoch=4] Changed state of replica 0 for partition systrk-0 from NonExistentReplica to NewReplica (state.change.logger)
[2019-06-03 10:35:48,737] TRACE [Controller id=0 epoch=4] Changed partition systrk-0 from NewPartition to OnlinePartition with state LeaderAndIsr(leader=0, leaderEpoch=0, isr=List(0), zkVersion=0) (state.change.logger)
[2019-06-03 10:35:48,738] TRACE [Controller id=0 epoch=4] Sending become-leader LeaderAndIsr request PartitionState(controllerEpoch=4, leader=0, leaderEpoch=0, isr=0, zkVersion=0, replicas=0, isNew=true) to broker 0 for partition systrk-0 (state.change.logger)
[2019-06-03 10:35:48,738] TRACE [Controller id=0 epoch=4] Sending UpdateMetadata request PartitionState(controllerEpoch=4, leader=0, leaderEpoch=0, isr=[0], zkVersion=0, replicas=[0], offlineReplicas=[]) to brokers Set(0) for partition systrk-0 (state.change.logger)
[2019-06-03 10:35:48,738] TRACE [Controller id=0 epoch=4] Changed state of replica 0 for partition systrk-0 from NewReplica to OnlineReplica (state.change.logger)
[2019-06-03 10:35:48,739] TRACE [Broker id=0] Received LeaderAndIsr request PartitionState(controllerEpoch=4, leader=0, leaderEpoch=0, isr=0, zkVersion=0, replicas=0, isNew=true) correlation id 3 from controller 0 epoch 4 for partition systrk-0 (state.change.logger)
[2019-06-03 10:35:48,739] TRACE [Broker id=0] Handling LeaderAndIsr request correlationId 3 from controller 0 epoch 4 starting the become-leader transition for partition systrk-0 (state.change.logger)
[2019-06-03 10:35:48,825] TRACE [Broker id=0] Stopped fetchers as part of become-leader request from controller 0 epoch 4 with correlation id 3 for partition systrk-0 (last update controller epoch 4) (state.change.logger)
[2019-06-03 10:35:48,826] TRACE [Broker id=0] Completed LeaderAndIsr request correlationId 3 from controller 0 epoch 4 for the become-leader transition for partition systrk-0 (state.change.logger)
[2019-06-03 10:35:48,826] TRACE [Controller id=0 epoch=4] Received response {error_code=0,partitions=[{topic=systrk,partition=0,error_code=0}]} for request LEADER_AND_ISR with correlation id 3 sent to broker Christian-PC.lan:9092 (id: 0 rack: null) (state.change.logger)
[2019-06-03 10:35:48,827] TRACE [Broker id=0] Cached leader info PartitionState(controllerEpoch=4, leader=0, leaderEpoch=0, isr=[0], zkVersion=0, replicas=[0], offlineReplicas=[]) for partition systrk-0 in response to UpdateMetadata request sent by controller 0 epoch 4 with correlation id 4 (state.change.logger)
[2019-06-03 10:35:48,828] TRACE [Controller id=0 epoch=4] Received response {error_code=0} for request UPDATE_METADATA with correlation id 4 sent to broker Christian-PC.lan:9092 (id: 0 rack: null) (state.change.logger)
[2019-06-03 01:15:58,118] DEBUG preRegister called. Server=com.sun.jmx.mbeanserver.JmxMBeanServer@4f0bd71c, name=log4j:logger=state.change.logger (state.change.logger)
